<testsuite failures="2" name="com/api/automation/variables.feature" skipped="0" tests="3" time="0.144973">
  <testcase classname="com.api.automation.variables" name="To validate the full response body using Http getAll Endpoint in Json Format" time="0.045338">
    <failure message="variables.feature:15 - path: $, actual: [{&quot;jobId&quot;:1,&quot;jobTitle&quot;:&quot;Software Engg&quot;,&quot;project&quot;:[{&quot;technology&quot;:[&quot;Kotlin&quot;,&quot;SQL Lite&quot;,&quot;Gradle&quot;],&quot;projectName&quot;:&quot;Movie App&quot;}],&quot;jobDescription&quot;:&quot;To develop andriod application&quot;,&quot;experience&quot;:[&quot;Google&quot;,&quot;Apple&quot;,&quot;Mobile Iron&quot;]},{&quot;jobId&quot;:297,&quot;jobTitle&quot;:&quot;Software Engg -2&quot;,&quot;project&quot;:[{&quot;technology&quot;:[&quot;Kotlin&quot;,&quot;SQL Lite&quot;,&quot;Gradle&quot;,&quot;Pega&quot;],&quot;projectName&quot;:&quot;Movie App&quot;}],&quot;jobDescription&quot;:&quot;To develop andriod application&quot;,&quot;experience&quot;:[&quot;Google&quot;,&quot;Apple&quot;,&quot;Mobile Iron&quot;]},{&quot;jobId&quot;:400,&quot;jobTitle&quot;:&quot;Software Engg -2&quot;,&quot;project&quot;:[{&quot;technology&quot;:[&quot;Kotlin&quot;,&quot;SQL Lite&quot;,&quot;Gradle&quot;,&quot;Pega&quot;],&quot;projectName&quot;:&quot;Movie App&quot;}],&quot;jobDescription&quot;:&quot;To develop andriod application&quot;,&quot;experience&quot;:[&quot;Google&quot;,&quot;Apple&quot;,&quot;Mobile Iron&quot;]},{&quot;jobId&quot;:6,&quot;jobTitle&quot;:&quot;Software Engg -2&quot;,&quot;project&quot;:[{&quot;technology&quot;:[&quot;Kotlin&quot;,&quot;SQL Lite&quot;,&quot;Gradle&quot;,&quot;Pega&quot;],&quot;projectName&quot;:&quot;Movie App&quot;}],&quot;jobDescription&quot;:&quot;To develop andriod application&quot;,&quot;experience&quot;:[&quot;Google&quot;,&quot;Apple&quot;,&quot;Mobile Iron&quot;]},{&quot;jobId&quot;:5,&quot;jobTitle&quot;:&quot;Software Engg -3&quot;,&quot;project&quot;:[{&quot;technology&quot;:[&quot;Kotlin&quot;,&quot;SQL Lite&quot;,&quot;Gradle&quot;,&quot;Pega&quot;],&quot;projectName&quot;:&quot;Movie App&quot;},{&quot;technology&quot;:[&quot;Node Js&quot;,&quot;Html&quot;,&quot;Css&quot;,&quot;MongoDb&quot;],&quot;projectName&quot;:&quot;Web App&quot;}],&quot;jobDescription&quot;:&quot;To develop andriod application and web application&quot;,&quot;experience&quot;:[&quot;Google&quot;,&quot;Apple&quot;,&quot;Mobile Iron&quot;]},{&quot;jobId&quot;:6,&quot;jobTitle&quot;:&quot;Software Engg -2&quot;,&quot;project&quot;:[{&quot;technology&quot;:[&quot;Kotlin&quot;,&quot;SQL Lite&quot;,&quot;Gradle&quot;,&quot;Pega&quot;],&quot;projectName&quot;:&quot;Movie App&quot;}],&quot;jobDescription&quot;:&quot;To develop andriod application&quot;,&quot;experience&quot;:[&quot;Google&quot;,&quot;Apple&quot;,&quot;Mobile Iron&quot;]},{&quot;jobId&quot;:400,&quot;jobTitle&quot;:&quot;Software Engg -2&quot;,&quot;project&quot;:[{&quot;technology&quot;:[&quot;Kotlin&quot;,&quot;SQL Lite&quot;,&quot;Gradle&quot;,&quot;Pega&quot;],&quot;projectName&quot;:&quot;Movie App&quot;}],&quot;jobDescription&quot;:&quot;To develop andriod application&quot;,&quot;experience&quot;:[&quot;Google&quot;,&quot;Apple&quot;,&quot;Mobile Iron&quot;]},{&quot;jobId&quot;:297,&quot;jobTitle&quot;:&quot;Software Engg -2&quot;,&quot;project&quot;:[{&quot;technology&quot;:[&quot;Kotlin&quot;,&quot;SQL Lite&quot;,&quot;Gradle&quot;,&quot;Pega&quot;],&quot;projectName&quot;:&quot;Movie App&quot;}],&quot;jobDescription&quot;:&quot;To develop andriod application&quot;,&quot;experience&quot;:[&quot;Google&quot;,&quot;Apple&quot;,&quot;Mobile Iron&quot;]},{&quot;jobId&quot;:297,&quot;jobTitle&quot;:&quot;Software Engg -2&quot;,&quot;project&quot;:[{&quot;technology&quot;:[&quot;Kotlin&quot;,&quot;SQL Lite&quot;,&quot;Gradle&quot;,&quot;Pega&quot;],&quot;projectName&quot;:&quot;Movie App&quot;}],&quot;jobDescription&quot;:&quot;To develop andriod application&quot;,&quot;experience&quot;:[&quot;Google&quot;,&quot;Apple&quot;,&quot;Mobile Iron&quot;]},{&quot;jobId&quot;:400,&quot;jobTitle&quot;:&quot;Software Engg -2&quot;,&quot;project&quot;:[{&quot;technology&quot;:[&quot;Kotlin&quot;,&quot;SQL Lite&quot;,&quot;Gradle&quot;,&quot;Pega&quot;],&quot;projectName&quot;:&quot;Movie App&quot;}],&quot;jobDescription&quot;:&quot;To develop andriod application&quot;,&quot;experience&quot;:[&quot;Google&quot;,&quot;Apple&quot;,&quot;Mobile Iron&quot;]},{&quot;jobId&quot;:400,&quot;jobTitle&quot;:&quot;Software Engg -2&quot;,&quot;project&quot;:[{&quot;technology&quot;:[&quot;Kotlin&quot;,&quot;SQL Lite&quot;,&quot;Gradle&quot;,&quot;Pega&quot;],&quot;projectName&quot;:&quot;Movie App&quot;}],&quot;jobDescription&quot;:&quot;To develop andriod application&quot;,&quot;experience&quot;:[&quot;Google&quot;,&quot;Apple&quot;,&quot;Mobile Iron&quot;]},{&quot;jobId&quot;:297,&quot;jobTitle&quot;:&quot;Software Engg -2&quot;,&quot;project&quot;:[{&quot;technology&quot;:[&quot;Kotlin&quot;,&quot;SQL Lite&quot;,&quot;Gradle&quot;,&quot;Pega&quot;],&quot;projectName&quot;:&quot;Movie App&quot;}],&quot;jobDescription&quot;:&quot;To develop andriod application&quot;,&quot;experience&quot;:[&quot;Google&quot;,&quot;Apple&quot;,&quot;Mobile Iron&quot;]},{&quot;jobId&quot;:2,&quot;jobTitle&quot;:&quot;Software Engg -5&quot;,&quot;project&quot;:[{&quot;technology&quot;:[&quot;Kotlin&quot;,&quot;SQL Lite&quot;,&quot;Gradle&quot;,&quot;Pega&quot;],&quot;projectName&quot;:&quot;Movie App&quot;},{&quot;technology&quot;:[&quot;Node Js&quot;,&quot;Html&quot;,&quot;Css&quot;,&quot;MongoDb&quot;],&quot;projectName&quot;:&quot;Web App&quot;}],&quot;jobDescription&quot;:&quot;To develop andriod application and web application&quot;,&quot;experience&quot;:[&quot;Google&quot;,&quot;Apple&quot;,&quot;Mobile Iron&quot;]},{&quot;jobId&quot;:400,&quot;jobTitle&quot;:&quot;Software Engg -2&quot;,&quot;project&quot;:[{&quot;technology&quot;:[&quot;Kotlin&quot;,&quot;SQL Lite&quot;,&quot;Gradle&quot;,&quot;Pega&quot;],&quot;projectName&quot;:&quot;Movie App&quot;}],&quot;jobDescription&quot;:&quot;To develop andriod application&quot;,&quot;experience&quot;:[&quot;Google&quot;,&quot;Apple&quot;,&quot;Mobile Iron&quot;]},{&quot;jobId&quot;:3,&quot;jobTitle&quot;:&quot;Software Engg -5&quot;,&quot;project&quot;:[{&quot;technology&quot;:[&quot;Kotlin&quot;,&quot;SQL Lite&quot;,&quot;Gradle&quot;,&quot;Pega&quot;],&quot;projectName&quot;:&quot;Movie App&quot;},{&quot;technology&quot;:[&quot;Node Js&quot;,&quot;Html&quot;,&quot;Css&quot;,&quot;MongoDb&quot;],&quot;projectName&quot;:&quot;Web App&quot;}],&quot;jobDescription&quot;:&quot;To develop andriod application and web application&quot;,&quot;experience&quot;:[&quot;Google&quot;,&quot;Apple&quot;,&quot;Mobile Iron&quot;]},{&quot;jobId&quot;:297,&quot;jobTitle&quot;:&quot;Software Engg -2&quot;,&quot;project&quot;:[{&quot;technology&quot;:[&quot;Kotlin&quot;,&quot;SQL Lite&quot;,&quot;Gradle&quot;,&quot;Pega&quot;],&quot;projectName&quot;:&quot;Movie App&quot;}],&quot;jobDescription&quot;:&quot;To develop andriod application&quot;,&quot;experience&quot;:[&quot;Google&quot;,&quot;Apple&quot;,&quot;Mobile Iron&quot;]},{&quot;jobId&quot;:10,&quot;jobTitle&quot;:&quot;Software Engg -5&quot;,&quot;project&quot;:[{&quot;technology&quot;:[&quot;Kotlin&quot;,&quot;SQL Lite&quot;,&quot;Gradle&quot;,&quot;Pega&quot;],&quot;projectName&quot;:&quot;Movie App&quot;},{&quot;technology&quot;:[&quot;Node Js&quot;,&quot;Html&quot;,&quot;Css&quot;,&quot;MongoDb&quot;],&quot;projectName&quot;:&quot;Web App&quot;}],&quot;jobDescription&quot;:&quot;To develop andriod application and web application&quot;,&quot;experience&quot;:[&quot;Google&quot;,&quot;Apple&quot;,&quot;Mobile Iron&quot;]},{&quot;jobId&quot;:10,&quot;jobTitle&quot;:&quot;Software Engg -2&quot;,&quot;project&quot;:[{&quot;technology&quot;:[&quot;Kotlin&quot;,&quot;SQL Lite&quot;,&quot;Gradle&quot;,&quot;Pega&quot;],&quot;projectName&quot;:&quot;Movie App&quot;}],&quot;jobDescription&quot;:&quot;To develop andriod application&quot;,&quot;experience&quot;:[&quot;Google&quot;,&quot;Apple&quot;,&quot;Mobile Iron&quot;]},{&quot;jobId&quot;:297,&quot;jobTitle&quot;:&quot;Software Engg -2&quot;,&quot;project&quot;:[{&quot;technology&quot;:[&quot;Kotlin&quot;,&quot;SQL Lite&quot;,&quot;Gradle&quot;,&quot;Pega&quot;],&quot;projectName&quot;:&quot;Movie App&quot;}],&quot;jobDescription&quot;:&quot;To develop andriod application&quot;,&quot;experience&quot;:[&quot;Google&quot;,&quot;Apple&quot;,&quot;Mobile Iron&quot;]},{&quot;jobId&quot;:400,&quot;jobTitle&quot;:&quot;Software Engg -2&quot;,&quot;project&quot;:[{&quot;technology&quot;:[&quot;Kotlin&quot;,&quot;SQL Lite&quot;,&quot;Gradle&quot;,&quot;Pega&quot;],&quot;projectName&quot;:&quot;Movie App&quot;}],&quot;jobDescription&quot;:&quot;To develop andriod application&quot;,&quot;experience&quot;:[&quot;Google&quot;,&quot;Apple&quot;,&quot;Mobile Iron&quot;]},{&quot;jobId&quot;:4,&quot;jobTitle&quot;:&quot;Software Engg -5&quot;,&quot;project&quot;:[{&quot;technology&quot;:[&quot;Kotlin&quot;,&quot;SQL Lite&quot;,&quot;Gradle&quot;,&quot;Pega&quot;],&quot;projectName&quot;:&quot;Movie App&quot;},{&quot;technology&quot;:[&quot;Node Js&quot;,&quot;Html&quot;,&quot;Css&quot;,&quot;MongoDb&quot;],&quot;projectName&quot;:&quot;Web App&quot;}],&quot;jobDescription&quot;:&quot;To develop andriod application and web application&quot;,&quot;experience&quot;:[&quot;Google&quot;,&quot;Apple&quot;,&quot;Mobile Iron&quot;]},{&quot;jobId&quot;:6,&quot;jobTitle&quot;:&quot;Software Engg -2&quot;,&quot;project&quot;:[{&quot;technology&quot;:[&quot;Kotlin&quot;,&quot;SQL Lite&quot;,&quot;Gradle&quot;,&quot;Pega&quot;],&quot;projectName&quot;:&quot;Movie App&quot;}],&quot;jobDescription&quot;:&quot;To develop andriod application&quot;,&quot;experience&quot;:[&quot;Google&quot;,&quot;Apple&quot;,&quot;Mobile Iron&quot;]},{&quot;jobId&quot;:297,&quot;jobTitle&quot;:&quot;Software Engg -2&quot;,&quot;project&quot;:[{&quot;technology&quot;:[&quot;Kotlin&quot;,&quot;SQL Lite&quot;,&quot;Gradle&quot;,&quot;Pega&quot;],&quot;projectName&quot;:&quot;Movie App&quot;}],&quot;jobDescription&quot;:&quot;To develop andriod application&quot;,&quot;experience&quot;:[&quot;Google&quot;,&quot;Apple&quot;,&quot;Mobile Iron&quot;]},{&quot;jobId&quot;:400,&quot;jobTitle&quot;:&quot;Software Engg -2&quot;,&quot;project&quot;:[{&quot;technology&quot;:[&quot;Kotlin&quot;,&quot;SQL Lite&quot;,&quot;Gradle&quot;,&quot;Pega&quot;],&quot;projectName&quot;:&quot;Movie App&quot;}],&quot;jobDescription&quot;:&quot;To develop andriod application&quot;,&quot;experience&quot;:[&quot;Google&quot;,&quot;Apple&quot;,&quot;Mobile Iron&quot;]},{&quot;jobId&quot;:8,&quot;jobTitle&quot;:&quot;Software Engg -5&quot;,&quot;project&quot;:[{&quot;technology&quot;:[&quot;Kotlin&quot;,&quot;SQL Lite&quot;,&quot;Gradle&quot;,&quot;Pega&quot;],&quot;projectName&quot;:&quot;Movie App&quot;},{&quot;technology&quot;:[&quot;Node Js&quot;,&quot;Html&quot;,&quot;Css&quot;,&quot;MongoDb&quot;],&quot;projectName&quot;:&quot;Web App&quot;}],&quot;jobDescription&quot;:&quot;To develop andriod application and web application&quot;,&quot;experience&quot;:[&quot;Google&quot;,&quot;Apple&quot;,&quot;Mobile Iron&quot;]},{&quot;jobId&quot;:297,&quot;jobTitle&quot;:&quot;Software Engg -2&quot;,&quot;project&quot;:[{&quot;technology&quot;:[&quot;Kotlin&quot;,&quot;SQL Lite&quot;,&quot;Gradle&quot;,&quot;Pega&quot;],&quot;projectName&quot;:&quot;Movie App&quot;}],&quot;jobDescription&quot;:&quot;To develop andriod application&quot;,&quot;experience&quot;:[&quot;Google&quot;,&quot;Apple&quot;,&quot;Mobile Iron&quot;]},{&quot;jobId&quot;:2,&quot;jobTitle&quot;:&quot;Software Engg -2&quot;,&quot;project&quot;:[{&quot;technology&quot;:[&quot;Kotlin&quot;,&quot;SQL Lite&quot;,&quot;Gradle&quot;,&quot;Pega&quot;],&quot;projectName&quot;:&quot;Movie App&quot;}],&quot;jobDescription&quot;:&quot;To develop andriod application&quot;,&quot;experience&quot;:[&quot;Google&quot;,&quot;Apple&quot;,&quot;Mobile Iron&quot;]},{&quot;jobId&quot;:7,&quot;jobTitle&quot;:&quot;Software Engg -5&quot;,&quot;project&quot;:[{&quot;technology&quot;:[&quot;Kotlin&quot;,&quot;SQL Lite&quot;,&quot;Gradle&quot;,&quot;Pega&quot;],&quot;projectName&quot;:&quot;Movie App&quot;},{&quot;technology&quot;:[&quot;Node Js&quot;,&quot;Html&quot;,&quot;Css&quot;,&quot;MongoDb&quot;],&quot;projectName&quot;:&quot;Web App&quot;}],&quot;jobDescription&quot;:&quot;To develop andriod application and web application&quot;,&quot;experience&quot;:[&quot;Google&quot;,&quot;Apple&quot;,&quot;Mobile Iron&quot;]},{&quot;jobId&quot;:400,&quot;jobTitle&quot;:&quot;Software Engg -2&quot;,&quot;project&quot;:[{&quot;technology&quot;:[&quot;Kotlin&quot;,&quot;SQL Lite&quot;,&quot;Gradle&quot;,&quot;Pega&quot;],&quot;projectName&quot;:&quot;Movie App&quot;}],&quot;jobDescription&quot;:&quot;To develop andriod application&quot;,&quot;experience&quot;:[&quot;Google&quot;,&quot;Apple&quot;,&quot;Mobile Iron&quot;]},{&quot;jobId&quot;:8,&quot;jobTitle&quot;:&quot;Software Engg -2&quot;,&quot;project&quot;:[{&quot;technology&quot;:[&quot;Kotlin&quot;,&quot;SQL Lite&quot;,&quot;Gradle&quot;,&quot;Pega&quot;],&quot;projectName&quot;:&quot;Movie App&quot;}],&quot;jobDescription&quot;:&quot;To develop andriod application&quot;,&quot;experience&quot;:[&quot;Google&quot;,&quot;Apple&quot;,&quot;Mobile Iron&quot;]},{&quot;jobId&quot;:297,&quot;jobTitle&quot;:&quot;Software Engg -2&quot;,&quot;project&quot;:[{&quot;technology&quot;:[&quot;Kotlin&quot;,&quot;SQL Lite&quot;,&quot;Gradle&quot;,&quot;Pega&quot;],&quot;projectName&quot;:&quot;Movie App&quot;}],&quot;jobDescription&quot;:&quot;To develop andriod application&quot;,&quot;experience&quot;:[&quot;Google&quot;,&quot;Apple&quot;,&quot;Mobile Iron&quot;]},{&quot;jobId&quot;:9,&quot;jobTitle&quot;:&quot;Software Engg -5&quot;,&quot;project&quot;:[{&quot;technology&quot;:[&quot;Kotlin&quot;,&quot;SQL Lite&quot;,&quot;Gradle&quot;,&quot;Pega&quot;],&quot;projectName&quot;:&quot;Movie App&quot;},{&quot;technology&quot;:[&quot;Node Js&quot;,&quot;Html&quot;,&quot;Css&quot;,&quot;MongoDb&quot;],&quot;projectName&quot;:&quot;Web App&quot;}],&quot;jobDescription&quot;:&quot;To develop andriod application and web application&quot;,&quot;experience&quot;:[&quot;Google&quot;,&quot;Apple&quot;,&quot;Mobile Iron&quot;]},{&quot;jobId&quot;:400,&quot;jobTitle&quot;:&quot;Software Engg -2&quot;,&quot;project&quot;:[{&quot;technology&quot;:[&quot;Kotlin&quot;,&quot;SQL Lite&quot;,&quot;Gradle&quot;,&quot;Pega&quot;],&quot;projectName&quot;:&quot;Movie App&quot;}],&quot;jobDescription&quot;:&quot;To develop andriod application&quot;,&quot;experience&quot;:[&quot;Google&quot;,&quot;Apple&quot;,&quot;Mobile Iron&quot;]},{&quot;jobId&quot;:3,&quot;jobTitle&quot;:&quot;Software Engg -2&quot;,&quot;project&quot;:[{&quot;technology&quot;:[&quot;Kotlin&quot;,&quot;SQL Lite&quot;,&quot;Gradle&quot;,&quot;Pega&quot;],&quot;projectName&quot;:&quot;Movie App&quot;}],&quot;jobDescription&quot;:&quot;To develop andriod application&quot;,&quot;experience&quot;:[&quot;Google&quot;,&quot;Apple&quot;,&quot;Mobile Iron&quot;]}], expected: [{&quot;jobId&quot;:1,&quot;jobTitle&quot;:&quot;#(title)&quot;,&quot;project&quot;:[{&quot;technology&quot;:[&quot;Kotlin&quot;,&quot;SQL Lite&quot;,&quot;Gradle&quot;],&quot;projectName&quot;:&quot;Movie App&quot;}],&quot;jobDescription&quot;:&quot;To develop andriod application&quot;,&quot;experience&quot;:[&quot;Google&quot;,&quot;Apple&quot;,&quot;Mobile Iron&quot;]}], reason: actual and expected arrays are not the same size - 34:1">Given url 'http://localhost:9191/' ........................................ passed
And print '====== base url ======' ........................................ passed
And def globalId = 200 .................................................... passed
Given path "normal/webapi/all" ............................................ passed
And header Accept = "application/json" .................................... passed
When method get ........................................................... passed
Then status 200 ........................................................... passed
And print response ........................................................ passed
* def expectedResponse = read('../resources/jsonResponse.json') ........... passed
And match response == expectedResponse .................................... failed

Stack Trace:
com.intuit.karate.exception.KarateException: variables.feature:15 - path: $, actual: [{"jobId":1,"jobTitle":"Software Engg","project":[{"technology":["Kotlin","SQL Lite","Gradle"],"projectName":"Movie App"}],"jobDescription":"To develop andriod application","experience":["Google","Apple","Mobile Iron"]},{"jobId":297,"jobTitle":"Software Engg -2","project":[{"technology":["Kotlin","SQL Lite","Gradle","Pega"],"projectName":"Movie App"}],"jobDescription":"To develop andriod application","experience":["Google","Apple","Mobile Iron"]},{"jobId":400,"jobTitle":"Software Engg -2","project":[{"technology":["Kotlin","SQL Lite","Gradle","Pega"],"projectName":"Movie App"}],"jobDescription":"To develop andriod application","experience":["Google","Apple","Mobile Iron"]},{"jobId":6,"jobTitle":"Software Engg -2","project":[{"technology":["Kotlin","SQL Lite","Gradle","Pega"],"projectName":"Movie App"}],"jobDescription":"To develop andriod application","experience":["Google","Apple","Mobile Iron"]},{"jobId":5,"jobTitle":"Software Engg -3","project":[{"technology":["Kotlin","SQL Lite","Gradle","Pega"],"projectName":"Movie App"},{"technology":["Node Js","Html","Css","MongoDb"],"projectName":"Web App"}],"jobDescription":"To develop andriod application and web application","experience":["Google","Apple","Mobile Iron"]},{"jobId":6,"jobTitle":"Software Engg -2","project":[{"technology":["Kotlin","SQL Lite","Gradle","Pega"],"projectName":"Movie App"}],"jobDescription":"To develop andriod application","experience":["Google","Apple","Mobile Iron"]},{"jobId":400,"jobTitle":"Software Engg -2","project":[{"technology":["Kotlin","SQL Lite","Gradle","Pega"],"projectName":"Movie App"}],"jobDescription":"To develop andriod application","experience":["Google","Apple","Mobile Iron"]},{"jobId":297,"jobTitle":"Software Engg -2","project":[{"technology":["Kotlin","SQL Lite","Gradle","Pega"],"projectName":"Movie App"}],"jobDescription":"To develop andriod application","experience":["Google","Apple","Mobile Iron"]},{"jobId":297,"jobTitle":"Software Engg -2","project":[{"technology":["Kotlin","SQL Lite","Gradle","Pega"],"projectName":"Movie App"}],"jobDescription":"To develop andriod application","experience":["Google","Apple","Mobile Iron"]},{"jobId":400,"jobTitle":"Software Engg -2","project":[{"technology":["Kotlin","SQL Lite","Gradle","Pega"],"projectName":"Movie App"}],"jobDescription":"To develop andriod application","experience":["Google","Apple","Mobile Iron"]},{"jobId":400,"jobTitle":"Software Engg -2","project":[{"technology":["Kotlin","SQL Lite","Gradle","Pega"],"projectName":"Movie App"}],"jobDescription":"To develop andriod application","experience":["Google","Apple","Mobile Iron"]},{"jobId":297,"jobTitle":"Software Engg -2","project":[{"technology":["Kotlin","SQL Lite","Gradle","Pega"],"projectName":"Movie App"}],"jobDescription":"To develop andriod application","experience":["Google","Apple","Mobile Iron"]},{"jobId":2,"jobTitle":"Software Engg -5","project":[{"technology":["Kotlin","SQL Lite","Gradle","Pega"],"projectName":"Movie App"},{"technology":["Node Js","Html","Css","MongoDb"],"projectName":"Web App"}],"jobDescription":"To develop andriod application and web application","experience":["Google","Apple","Mobile Iron"]},{"jobId":400,"jobTitle":"Software Engg -2","project":[{"technology":["Kotlin","SQL Lite","Gradle","Pega"],"projectName":"Movie App"}],"jobDescription":"To develop andriod application","experience":["Google","Apple","Mobile Iron"]},{"jobId":3,"jobTitle":"Software Engg -5","project":[{"technology":["Kotlin","SQL Lite","Gradle","Pega"],"projectName":"Movie App"},{"technology":["Node Js","Html","Css","MongoDb"],"projectName":"Web App"}],"jobDescription":"To develop andriod application and web application","experience":["Google","Apple","Mobile Iron"]},{"jobId":297,"jobTitle":"Software Engg -2","project":[{"technology":["Kotlin","SQL Lite","Gradle","Pega"],"projectName":"Movie App"}],"jobDescription":"To develop andriod application","experience":["Google","Apple","Mobile Iron"]},{"jobId":10,"jobTitle":"Software Engg -5","project":[{"technology":["Kotlin","SQL Lite","Gradle","Pega"],"projectName":"Movie App"},{"technology":["Node Js","Html","Css","MongoDb"],"projectName":"Web App"}],"jobDescription":"To develop andriod application and web application","experience":["Google","Apple","Mobile Iron"]},{"jobId":10,"jobTitle":"Software Engg -2","project":[{"technology":["Kotlin","SQL Lite","Gradle","Pega"],"projectName":"Movie App"}],"jobDescription":"To develop andriod application","experience":["Google","Apple","Mobile Iron"]},{"jobId":297,"jobTitle":"Software Engg -2","project":[{"technology":["Kotlin","SQL Lite","Gradle","Pega"],"projectName":"Movie App"}],"jobDescription":"To develop andriod application","experience":["Google","Apple","Mobile Iron"]},{"jobId":400,"jobTitle":"Software Engg -2","project":[{"technology":["Kotlin","SQL Lite","Gradle","Pega"],"projectName":"Movie App"}],"jobDescription":"To develop andriod application","experience":["Google","Apple","Mobile Iron"]},{"jobId":4,"jobTitle":"Software Engg -5","project":[{"technology":["Kotlin","SQL Lite","Gradle","Pega"],"projectName":"Movie App"},{"technology":["Node Js","Html","Css","MongoDb"],"projectName":"Web App"}],"jobDescription":"To develop andriod application and web application","experience":["Google","Apple","Mobile Iron"]},{"jobId":6,"jobTitle":"Software Engg -2","project":[{"technology":["Kotlin","SQL Lite","Gradle","Pega"],"projectName":"Movie App"}],"jobDescription":"To develop andriod application","experience":["Google","Apple","Mobile Iron"]},{"jobId":297,"jobTitle":"Software Engg -2","project":[{"technology":["Kotlin","SQL Lite","Gradle","Pega"],"projectName":"Movie App"}],"jobDescription":"To develop andriod application","experience":["Google","Apple","Mobile Iron"]},{"jobId":400,"jobTitle":"Software Engg -2","project":[{"technology":["Kotlin","SQL Lite","Gradle","Pega"],"projectName":"Movie App"}],"jobDescription":"To develop andriod application","experience":["Google","Apple","Mobile Iron"]},{"jobId":8,"jobTitle":"Software Engg -5","project":[{"technology":["Kotlin","SQL Lite","Gradle","Pega"],"projectName":"Movie App"},{"technology":["Node Js","Html","Css","MongoDb"],"projectName":"Web App"}],"jobDescription":"To develop andriod application and web application","experience":["Google","Apple","Mobile Iron"]},{"jobId":297,"jobTitle":"Software Engg -2","project":[{"technology":["Kotlin","SQL Lite","Gradle","Pega"],"projectName":"Movie App"}],"jobDescription":"To develop andriod application","experience":["Google","Apple","Mobile Iron"]},{"jobId":2,"jobTitle":"Software Engg -2","project":[{"technology":["Kotlin","SQL Lite","Gradle","Pega"],"projectName":"Movie App"}],"jobDescription":"To develop andriod application","experience":["Google","Apple","Mobile Iron"]},{"jobId":7,"jobTitle":"Software Engg -5","project":[{"technology":["Kotlin","SQL Lite","Gradle","Pega"],"projectName":"Movie App"},{"technology":["Node Js","Html","Css","MongoDb"],"projectName":"Web App"}],"jobDescription":"To develop andriod application and web application","experience":["Google","Apple","Mobile Iron"]},{"jobId":400,"jobTitle":"Software Engg -2","project":[{"technology":["Kotlin","SQL Lite","Gradle","Pega"],"projectName":"Movie App"}],"jobDescription":"To develop andriod application","experience":["Google","Apple","Mobile Iron"]},{"jobId":8,"jobTitle":"Software Engg -2","project":[{"technology":["Kotlin","SQL Lite","Gradle","Pega"],"projectName":"Movie App"}],"jobDescription":"To develop andriod application","experience":["Google","Apple","Mobile Iron"]},{"jobId":297,"jobTitle":"Software Engg -2","project":[{"technology":["Kotlin","SQL Lite","Gradle","Pega"],"projectName":"Movie App"}],"jobDescription":"To develop andriod application","experience":["Google","Apple","Mobile Iron"]},{"jobId":9,"jobTitle":"Software Engg -5","project":[{"technology":["Kotlin","SQL Lite","Gradle","Pega"],"projectName":"Movie App"},{"technology":["Node Js","Html","Css","MongoDb"],"projectName":"Web App"}],"jobDescription":"To develop andriod application and web application","experience":["Google","Apple","Mobile Iron"]},{"jobId":400,"jobTitle":"Software Engg -2","project":[{"technology":["Kotlin","SQL Lite","Gradle","Pega"],"projectName":"Movie App"}],"jobDescription":"To develop andriod application","experience":["Google","Apple","Mobile Iron"]},{"jobId":3,"jobTitle":"Software Engg -2","project":[{"technology":["Kotlin","SQL Lite","Gradle","Pega"],"projectName":"Movie App"}],"jobDescription":"To develop andriod application","experience":["Google","Apple","Mobile Iron"]}], expected: [{"jobId":1,"jobTitle":"#(title)","project":[{"technology":["Kotlin","SQL Lite","Gradle"],"projectName":"Movie App"}],"jobDescription":"To develop andriod application","experience":["Google","Apple","Mobile Iron"]}], reason: actual and expected arrays are not the same size - 34:1
	at ✽.And match response == expectedResponse (variables.feature:15)

And print expectedResponse ................................................ skipped
And print "Globol id =&gt;", globalId ........................................ skipped</failure>
  </testcase>
  <testcase classname="com.api.automation.variables" name="To validate the full response body using embedded variables in response" time="0.054091">
    <failure message="variables.feature:27 - path: $, actual: [{&quot;jobId&quot;:1,&quot;jobTitle&quot;:&quot;Software Engg&quot;,&quot;project&quot;:[{&quot;technology&quot;:[&quot;Kotlin&quot;,&quot;SQL Lite&quot;,&quot;Gradle&quot;],&quot;projectName&quot;:&quot;Movie App&quot;}],&quot;jobDescription&quot;:&quot;To develop andriod application&quot;,&quot;experience&quot;:[&quot;Google&quot;,&quot;Apple&quot;,&quot;Mobile Iron&quot;]},{&quot;jobId&quot;:297,&quot;jobTitle&quot;:&quot;Software Engg -2&quot;,&quot;project&quot;:[{&quot;technology&quot;:[&quot;Kotlin&quot;,&quot;SQL Lite&quot;,&quot;Gradle&quot;,&quot;Pega&quot;],&quot;projectName&quot;:&quot;Movie App&quot;}],&quot;jobDescription&quot;:&quot;To develop andriod application&quot;,&quot;experience&quot;:[&quot;Google&quot;,&quot;Apple&quot;,&quot;Mobile Iron&quot;]},{&quot;jobId&quot;:400,&quot;jobTitle&quot;:&quot;Software Engg -2&quot;,&quot;project&quot;:[{&quot;technology&quot;:[&quot;Kotlin&quot;,&quot;SQL Lite&quot;,&quot;Gradle&quot;,&quot;Pega&quot;],&quot;projectName&quot;:&quot;Movie App&quot;}],&quot;jobDescription&quot;:&quot;To develop andriod application&quot;,&quot;experience&quot;:[&quot;Google&quot;,&quot;Apple&quot;,&quot;Mobile Iron&quot;]},{&quot;jobId&quot;:6,&quot;jobTitle&quot;:&quot;Software Engg -2&quot;,&quot;project&quot;:[{&quot;technology&quot;:[&quot;Kotlin&quot;,&quot;SQL Lite&quot;,&quot;Gradle&quot;,&quot;Pega&quot;],&quot;projectName&quot;:&quot;Movie App&quot;}],&quot;jobDescription&quot;:&quot;To develop andriod application&quot;,&quot;experience&quot;:[&quot;Google&quot;,&quot;Apple&quot;,&quot;Mobile Iron&quot;]},{&quot;jobId&quot;:5,&quot;jobTitle&quot;:&quot;Software Engg -3&quot;,&quot;project&quot;:[{&quot;technology&quot;:[&quot;Kotlin&quot;,&quot;SQL Lite&quot;,&quot;Gradle&quot;,&quot;Pega&quot;],&quot;projectName&quot;:&quot;Movie App&quot;},{&quot;technology&quot;:[&quot;Node Js&quot;,&quot;Html&quot;,&quot;Css&quot;,&quot;MongoDb&quot;],&quot;projectName&quot;:&quot;Web App&quot;}],&quot;jobDescription&quot;:&quot;To develop andriod application and web application&quot;,&quot;experience&quot;:[&quot;Google&quot;,&quot;Apple&quot;,&quot;Mobile Iron&quot;]},{&quot;jobId&quot;:6,&quot;jobTitle&quot;:&quot;Software Engg -2&quot;,&quot;project&quot;:[{&quot;technology&quot;:[&quot;Kotlin&quot;,&quot;SQL Lite&quot;,&quot;Gradle&quot;,&quot;Pega&quot;],&quot;projectName&quot;:&quot;Movie App&quot;}],&quot;jobDescription&quot;:&quot;To develop andriod application&quot;,&quot;experience&quot;:[&quot;Google&quot;,&quot;Apple&quot;,&quot;Mobile Iron&quot;]},{&quot;jobId&quot;:400,&quot;jobTitle&quot;:&quot;Software Engg -2&quot;,&quot;project&quot;:[{&quot;technology&quot;:[&quot;Kotlin&quot;,&quot;SQL Lite&quot;,&quot;Gradle&quot;,&quot;Pega&quot;],&quot;projectName&quot;:&quot;Movie App&quot;}],&quot;jobDescription&quot;:&quot;To develop andriod application&quot;,&quot;experience&quot;:[&quot;Google&quot;,&quot;Apple&quot;,&quot;Mobile Iron&quot;]},{&quot;jobId&quot;:297,&quot;jobTitle&quot;:&quot;Software Engg -2&quot;,&quot;project&quot;:[{&quot;technology&quot;:[&quot;Kotlin&quot;,&quot;SQL Lite&quot;,&quot;Gradle&quot;,&quot;Pega&quot;],&quot;projectName&quot;:&quot;Movie App&quot;}],&quot;jobDescription&quot;:&quot;To develop andriod application&quot;,&quot;experience&quot;:[&quot;Google&quot;,&quot;Apple&quot;,&quot;Mobile Iron&quot;]},{&quot;jobId&quot;:297,&quot;jobTitle&quot;:&quot;Software Engg -2&quot;,&quot;project&quot;:[{&quot;technology&quot;:[&quot;Kotlin&quot;,&quot;SQL Lite&quot;,&quot;Gradle&quot;,&quot;Pega&quot;],&quot;projectName&quot;:&quot;Movie App&quot;}],&quot;jobDescription&quot;:&quot;To develop andriod application&quot;,&quot;experience&quot;:[&quot;Google&quot;,&quot;Apple&quot;,&quot;Mobile Iron&quot;]},{&quot;jobId&quot;:400,&quot;jobTitle&quot;:&quot;Software Engg -2&quot;,&quot;project&quot;:[{&quot;technology&quot;:[&quot;Kotlin&quot;,&quot;SQL Lite&quot;,&quot;Gradle&quot;,&quot;Pega&quot;],&quot;projectName&quot;:&quot;Movie App&quot;}],&quot;jobDescription&quot;:&quot;To develop andriod application&quot;,&quot;experience&quot;:[&quot;Google&quot;,&quot;Apple&quot;,&quot;Mobile Iron&quot;]},{&quot;jobId&quot;:400,&quot;jobTitle&quot;:&quot;Software Engg -2&quot;,&quot;project&quot;:[{&quot;technology&quot;:[&quot;Kotlin&quot;,&quot;SQL Lite&quot;,&quot;Gradle&quot;,&quot;Pega&quot;],&quot;projectName&quot;:&quot;Movie App&quot;}],&quot;jobDescription&quot;:&quot;To develop andriod application&quot;,&quot;experience&quot;:[&quot;Google&quot;,&quot;Apple&quot;,&quot;Mobile Iron&quot;]},{&quot;jobId&quot;:297,&quot;jobTitle&quot;:&quot;Software Engg -2&quot;,&quot;project&quot;:[{&quot;technology&quot;:[&quot;Kotlin&quot;,&quot;SQL Lite&quot;,&quot;Gradle&quot;,&quot;Pega&quot;],&quot;projectName&quot;:&quot;Movie App&quot;}],&quot;jobDescription&quot;:&quot;To develop andriod application&quot;,&quot;experience&quot;:[&quot;Google&quot;,&quot;Apple&quot;,&quot;Mobile Iron&quot;]},{&quot;jobId&quot;:2,&quot;jobTitle&quot;:&quot;Software Engg -5&quot;,&quot;project&quot;:[{&quot;technology&quot;:[&quot;Kotlin&quot;,&quot;SQL Lite&quot;,&quot;Gradle&quot;,&quot;Pega&quot;],&quot;projectName&quot;:&quot;Movie App&quot;},{&quot;technology&quot;:[&quot;Node Js&quot;,&quot;Html&quot;,&quot;Css&quot;,&quot;MongoDb&quot;],&quot;projectName&quot;:&quot;Web App&quot;}],&quot;jobDescription&quot;:&quot;To develop andriod application and web application&quot;,&quot;experience&quot;:[&quot;Google&quot;,&quot;Apple&quot;,&quot;Mobile Iron&quot;]},{&quot;jobId&quot;:400,&quot;jobTitle&quot;:&quot;Software Engg -2&quot;,&quot;project&quot;:[{&quot;technology&quot;:[&quot;Kotlin&quot;,&quot;SQL Lite&quot;,&quot;Gradle&quot;,&quot;Pega&quot;],&quot;projectName&quot;:&quot;Movie App&quot;}],&quot;jobDescription&quot;:&quot;To develop andriod application&quot;,&quot;experience&quot;:[&quot;Google&quot;,&quot;Apple&quot;,&quot;Mobile Iron&quot;]},{&quot;jobId&quot;:3,&quot;jobTitle&quot;:&quot;Software Engg -5&quot;,&quot;project&quot;:[{&quot;technology&quot;:[&quot;Kotlin&quot;,&quot;SQL Lite&quot;,&quot;Gradle&quot;,&quot;Pega&quot;],&quot;projectName&quot;:&quot;Movie App&quot;},{&quot;technology&quot;:[&quot;Node Js&quot;,&quot;Html&quot;,&quot;Css&quot;,&quot;MongoDb&quot;],&quot;projectName&quot;:&quot;Web App&quot;}],&quot;jobDescription&quot;:&quot;To develop andriod application and web application&quot;,&quot;experience&quot;:[&quot;Google&quot;,&quot;Apple&quot;,&quot;Mobile Iron&quot;]},{&quot;jobId&quot;:297,&quot;jobTitle&quot;:&quot;Software Engg -2&quot;,&quot;project&quot;:[{&quot;technology&quot;:[&quot;Kotlin&quot;,&quot;SQL Lite&quot;,&quot;Gradle&quot;,&quot;Pega&quot;],&quot;projectName&quot;:&quot;Movie App&quot;}],&quot;jobDescription&quot;:&quot;To develop andriod application&quot;,&quot;experience&quot;:[&quot;Google&quot;,&quot;Apple&quot;,&quot;Mobile Iron&quot;]},{&quot;jobId&quot;:10,&quot;jobTitle&quot;:&quot;Software Engg -5&quot;,&quot;project&quot;:[{&quot;technology&quot;:[&quot;Kotlin&quot;,&quot;SQL Lite&quot;,&quot;Gradle&quot;,&quot;Pega&quot;],&quot;projectName&quot;:&quot;Movie App&quot;},{&quot;technology&quot;:[&quot;Node Js&quot;,&quot;Html&quot;,&quot;Css&quot;,&quot;MongoDb&quot;],&quot;projectName&quot;:&quot;Web App&quot;}],&quot;jobDescription&quot;:&quot;To develop andriod application and web application&quot;,&quot;experience&quot;:[&quot;Google&quot;,&quot;Apple&quot;,&quot;Mobile Iron&quot;]},{&quot;jobId&quot;:10,&quot;jobTitle&quot;:&quot;Software Engg -2&quot;,&quot;project&quot;:[{&quot;technology&quot;:[&quot;Kotlin&quot;,&quot;SQL Lite&quot;,&quot;Gradle&quot;,&quot;Pega&quot;],&quot;projectName&quot;:&quot;Movie App&quot;}],&quot;jobDescription&quot;:&quot;To develop andriod application&quot;,&quot;experience&quot;:[&quot;Google&quot;,&quot;Apple&quot;,&quot;Mobile Iron&quot;]},{&quot;jobId&quot;:297,&quot;jobTitle&quot;:&quot;Software Engg -2&quot;,&quot;project&quot;:[{&quot;technology&quot;:[&quot;Kotlin&quot;,&quot;SQL Lite&quot;,&quot;Gradle&quot;,&quot;Pega&quot;],&quot;projectName&quot;:&quot;Movie App&quot;}],&quot;jobDescription&quot;:&quot;To develop andriod application&quot;,&quot;experience&quot;:[&quot;Google&quot;,&quot;Apple&quot;,&quot;Mobile Iron&quot;]},{&quot;jobId&quot;:400,&quot;jobTitle&quot;:&quot;Software Engg -2&quot;,&quot;project&quot;:[{&quot;technology&quot;:[&quot;Kotlin&quot;,&quot;SQL Lite&quot;,&quot;Gradle&quot;,&quot;Pega&quot;],&quot;projectName&quot;:&quot;Movie App&quot;}],&quot;jobDescription&quot;:&quot;To develop andriod application&quot;,&quot;experience&quot;:[&quot;Google&quot;,&quot;Apple&quot;,&quot;Mobile Iron&quot;]},{&quot;jobId&quot;:4,&quot;jobTitle&quot;:&quot;Software Engg -5&quot;,&quot;project&quot;:[{&quot;technology&quot;:[&quot;Kotlin&quot;,&quot;SQL Lite&quot;,&quot;Gradle&quot;,&quot;Pega&quot;],&quot;projectName&quot;:&quot;Movie App&quot;},{&quot;technology&quot;:[&quot;Node Js&quot;,&quot;Html&quot;,&quot;Css&quot;,&quot;MongoDb&quot;],&quot;projectName&quot;:&quot;Web App&quot;}],&quot;jobDescription&quot;:&quot;To develop andriod application and web application&quot;,&quot;experience&quot;:[&quot;Google&quot;,&quot;Apple&quot;,&quot;Mobile Iron&quot;]},{&quot;jobId&quot;:6,&quot;jobTitle&quot;:&quot;Software Engg -2&quot;,&quot;project&quot;:[{&quot;technology&quot;:[&quot;Kotlin&quot;,&quot;SQL Lite&quot;,&quot;Gradle&quot;,&quot;Pega&quot;],&quot;projectName&quot;:&quot;Movie App&quot;}],&quot;jobDescription&quot;:&quot;To develop andriod application&quot;,&quot;experience&quot;:[&quot;Google&quot;,&quot;Apple&quot;,&quot;Mobile Iron&quot;]},{&quot;jobId&quot;:297,&quot;jobTitle&quot;:&quot;Software Engg -2&quot;,&quot;project&quot;:[{&quot;technology&quot;:[&quot;Kotlin&quot;,&quot;SQL Lite&quot;,&quot;Gradle&quot;,&quot;Pega&quot;],&quot;projectName&quot;:&quot;Movie App&quot;}],&quot;jobDescription&quot;:&quot;To develop andriod application&quot;,&quot;experience&quot;:[&quot;Google&quot;,&quot;Apple&quot;,&quot;Mobile Iron&quot;]},{&quot;jobId&quot;:400,&quot;jobTitle&quot;:&quot;Software Engg -2&quot;,&quot;project&quot;:[{&quot;technology&quot;:[&quot;Kotlin&quot;,&quot;SQL Lite&quot;,&quot;Gradle&quot;,&quot;Pega&quot;],&quot;projectName&quot;:&quot;Movie App&quot;}],&quot;jobDescription&quot;:&quot;To develop andriod application&quot;,&quot;experience&quot;:[&quot;Google&quot;,&quot;Apple&quot;,&quot;Mobile Iron&quot;]},{&quot;jobId&quot;:8,&quot;jobTitle&quot;:&quot;Software Engg -5&quot;,&quot;project&quot;:[{&quot;technology&quot;:[&quot;Kotlin&quot;,&quot;SQL Lite&quot;,&quot;Gradle&quot;,&quot;Pega&quot;],&quot;projectName&quot;:&quot;Movie App&quot;},{&quot;technology&quot;:[&quot;Node Js&quot;,&quot;Html&quot;,&quot;Css&quot;,&quot;MongoDb&quot;],&quot;projectName&quot;:&quot;Web App&quot;}],&quot;jobDescription&quot;:&quot;To develop andriod application and web application&quot;,&quot;experience&quot;:[&quot;Google&quot;,&quot;Apple&quot;,&quot;Mobile Iron&quot;]},{&quot;jobId&quot;:297,&quot;jobTitle&quot;:&quot;Software Engg -2&quot;,&quot;project&quot;:[{&quot;technology&quot;:[&quot;Kotlin&quot;,&quot;SQL Lite&quot;,&quot;Gradle&quot;,&quot;Pega&quot;],&quot;projectName&quot;:&quot;Movie App&quot;}],&quot;jobDescription&quot;:&quot;To develop andriod application&quot;,&quot;experience&quot;:[&quot;Google&quot;,&quot;Apple&quot;,&quot;Mobile Iron&quot;]},{&quot;jobId&quot;:2,&quot;jobTitle&quot;:&quot;Software Engg -2&quot;,&quot;project&quot;:[{&quot;technology&quot;:[&quot;Kotlin&quot;,&quot;SQL Lite&quot;,&quot;Gradle&quot;,&quot;Pega&quot;],&quot;projectName&quot;:&quot;Movie App&quot;}],&quot;jobDescription&quot;:&quot;To develop andriod application&quot;,&quot;experience&quot;:[&quot;Google&quot;,&quot;Apple&quot;,&quot;Mobile Iron&quot;]},{&quot;jobId&quot;:7,&quot;jobTitle&quot;:&quot;Software Engg -5&quot;,&quot;project&quot;:[{&quot;technology&quot;:[&quot;Kotlin&quot;,&quot;SQL Lite&quot;,&quot;Gradle&quot;,&quot;Pega&quot;],&quot;projectName&quot;:&quot;Movie App&quot;},{&quot;technology&quot;:[&quot;Node Js&quot;,&quot;Html&quot;,&quot;Css&quot;,&quot;MongoDb&quot;],&quot;projectName&quot;:&quot;Web App&quot;}],&quot;jobDescription&quot;:&quot;To develop andriod application and web application&quot;,&quot;experience&quot;:[&quot;Google&quot;,&quot;Apple&quot;,&quot;Mobile Iron&quot;]},{&quot;jobId&quot;:400,&quot;jobTitle&quot;:&quot;Software Engg -2&quot;,&quot;project&quot;:[{&quot;technology&quot;:[&quot;Kotlin&quot;,&quot;SQL Lite&quot;,&quot;Gradle&quot;,&quot;Pega&quot;],&quot;projectName&quot;:&quot;Movie App&quot;}],&quot;jobDescription&quot;:&quot;To develop andriod application&quot;,&quot;experience&quot;:[&quot;Google&quot;,&quot;Apple&quot;,&quot;Mobile Iron&quot;]},{&quot;jobId&quot;:8,&quot;jobTitle&quot;:&quot;Software Engg -2&quot;,&quot;project&quot;:[{&quot;technology&quot;:[&quot;Kotlin&quot;,&quot;SQL Lite&quot;,&quot;Gradle&quot;,&quot;Pega&quot;],&quot;projectName&quot;:&quot;Movie App&quot;}],&quot;jobDescription&quot;:&quot;To develop andriod application&quot;,&quot;experience&quot;:[&quot;Google&quot;,&quot;Apple&quot;,&quot;Mobile Iron&quot;]},{&quot;jobId&quot;:297,&quot;jobTitle&quot;:&quot;Software Engg -2&quot;,&quot;project&quot;:[{&quot;technology&quot;:[&quot;Kotlin&quot;,&quot;SQL Lite&quot;,&quot;Gradle&quot;,&quot;Pega&quot;],&quot;projectName&quot;:&quot;Movie App&quot;}],&quot;jobDescription&quot;:&quot;To develop andriod application&quot;,&quot;experience&quot;:[&quot;Google&quot;,&quot;Apple&quot;,&quot;Mobile Iron&quot;]},{&quot;jobId&quot;:9,&quot;jobTitle&quot;:&quot;Software Engg -5&quot;,&quot;project&quot;:[{&quot;technology&quot;:[&quot;Kotlin&quot;,&quot;SQL Lite&quot;,&quot;Gradle&quot;,&quot;Pega&quot;],&quot;projectName&quot;:&quot;Movie App&quot;},{&quot;technology&quot;:[&quot;Node Js&quot;,&quot;Html&quot;,&quot;Css&quot;,&quot;MongoDb&quot;],&quot;projectName&quot;:&quot;Web App&quot;}],&quot;jobDescription&quot;:&quot;To develop andriod application and web application&quot;,&quot;experience&quot;:[&quot;Google&quot;,&quot;Apple&quot;,&quot;Mobile Iron&quot;]},{&quot;jobId&quot;:400,&quot;jobTitle&quot;:&quot;Software Engg -2&quot;,&quot;project&quot;:[{&quot;technology&quot;:[&quot;Kotlin&quot;,&quot;SQL Lite&quot;,&quot;Gradle&quot;,&quot;Pega&quot;],&quot;projectName&quot;:&quot;Movie App&quot;}],&quot;jobDescription&quot;:&quot;To develop andriod application&quot;,&quot;experience&quot;:[&quot;Google&quot;,&quot;Apple&quot;,&quot;Mobile Iron&quot;]},{&quot;jobId&quot;:3,&quot;jobTitle&quot;:&quot;Software Engg -2&quot;,&quot;project&quot;:[{&quot;technology&quot;:[&quot;Kotlin&quot;,&quot;SQL Lite&quot;,&quot;Gradle&quot;,&quot;Pega&quot;],&quot;projectName&quot;:&quot;Movie App&quot;}],&quot;jobDescription&quot;:&quot;To develop andriod application&quot;,&quot;experience&quot;:[&quot;Google&quot;,&quot;Apple&quot;,&quot;Mobile Iron&quot;]}], expected: [{&quot;jobId&quot;:1,&quot;jobTitle&quot;:&quot;Software Engg&quot;,&quot;jobDescription&quot;:&quot;To develop andriod application&quot;,&quot;experience&quot;:[&quot;Google&quot;,&quot;Apple&quot;,&quot;Mobile Iron&quot;],&quot;project&quot;:[{&quot;projectName&quot;:&quot;Movie App&quot;,&quot;technology&quot;:[&quot;Kotlin&quot;,&quot;SQL Lite&quot;,&quot;Gradle&quot;]}]},{&quot;jobId&quot;:2,&quot;jobTitle&quot;:&quot;Software Engg -2&quot;,&quot;jobDescription&quot;:&quot;To develop andriod application&quot;,&quot;experience&quot;:[&quot;Google&quot;,&quot;Apple&quot;,&quot;Mobile Iron&quot;],&quot;project&quot;:[{&quot;projectName&quot;:&quot;Movie App&quot;,&quot;technology&quot;:[&quot;Kotlin&quot;,&quot;SQL Lite&quot;,&quot;Gradle&quot;,&quot;Pega&quot;]}]}], reason: actual and expected arrays are not the same size - 34:2">Given url 'http://localhost:9191/' ........................................ passed
And print '====== base url ======' ........................................ passed
And def globalId = 200 .................................................... passed
Given path "normal/webapi/all" ............................................ passed
And header Accept = "application/json" .................................... passed
When method get ........................................................... passed
Then status 200 ........................................................... passed
And print response ........................................................ passed
* def expectedResponse = read('../resources/jsonResponse.json') ........... passed
And match response == expectedResponse .................................... failed

Stack Trace:
com.intuit.karate.exception.KarateException: variables.feature:15 - path: $, actual: [{"jobId":1,"jobTitle":"Software Engg","project":[{"technology":["Kotlin","SQL Lite","Gradle"],"projectName":"Movie App"}],"jobDescription":"To develop andriod application","experience":["Google","Apple","Mobile Iron"]},{"jobId":297,"jobTitle":"Software Engg -2","project":[{"technology":["Kotlin","SQL Lite","Gradle","Pega"],"projectName":"Movie App"}],"jobDescription":"To develop andriod application","experience":["Google","Apple","Mobile Iron"]},{"jobId":400,"jobTitle":"Software Engg -2","project":[{"technology":["Kotlin","SQL Lite","Gradle","Pega"],"projectName":"Movie App"}],"jobDescription":"To develop andriod application","experience":["Google","Apple","Mobile Iron"]},{"jobId":6,"jobTitle":"Software Engg -2","project":[{"technology":["Kotlin","SQL Lite","Gradle","Pega"],"projectName":"Movie App"}],"jobDescription":"To develop andriod application","experience":["Google","Apple","Mobile Iron"]},{"jobId":5,"jobTitle":"Software Engg -3","project":[{"technology":["Kotlin","SQL Lite","Gradle","Pega"],"projectName":"Movie App"},{"technology":["Node Js","Html","Css","MongoDb"],"projectName":"Web App"}],"jobDescription":"To develop andriod application and web application","experience":["Google","Apple","Mobile Iron"]},{"jobId":6,"jobTitle":"Software Engg -2","project":[{"technology":["Kotlin","SQL Lite","Gradle","Pega"],"projectName":"Movie App"}],"jobDescription":"To develop andriod application","experience":["Google","Apple","Mobile Iron"]},{"jobId":400,"jobTitle":"Software Engg -2","project":[{"technology":["Kotlin","SQL Lite","Gradle","Pega"],"projectName":"Movie App"}],"jobDescription":"To develop andriod application","experience":["Google","Apple","Mobile Iron"]},{"jobId":297,"jobTitle":"Software Engg -2","project":[{"technology":["Kotlin","SQL Lite","Gradle","Pega"],"projectName":"Movie App"}],"jobDescription":"To develop andriod application","experience":["Google","Apple","Mobile Iron"]},{"jobId":297,"jobTitle":"Software Engg -2","project":[{"technology":["Kotlin","SQL Lite","Gradle","Pega"],"projectName":"Movie App"}],"jobDescription":"To develop andriod application","experience":["Google","Apple","Mobile Iron"]},{"jobId":400,"jobTitle":"Software Engg -2","project":[{"technology":["Kotlin","SQL Lite","Gradle","Pega"],"projectName":"Movie App"}],"jobDescription":"To develop andriod application","experience":["Google","Apple","Mobile Iron"]},{"jobId":400,"jobTitle":"Software Engg -2","project":[{"technology":["Kotlin","SQL Lite","Gradle","Pega"],"projectName":"Movie App"}],"jobDescription":"To develop andriod application","experience":["Google","Apple","Mobile Iron"]},{"jobId":297,"jobTitle":"Software Engg -2","project":[{"technology":["Kotlin","SQL Lite","Gradle","Pega"],"projectName":"Movie App"}],"jobDescription":"To develop andriod application","experience":["Google","Apple","Mobile Iron"]},{"jobId":2,"jobTitle":"Software Engg -5","project":[{"technology":["Kotlin","SQL Lite","Gradle","Pega"],"projectName":"Movie App"},{"technology":["Node Js","Html","Css","MongoDb"],"projectName":"Web App"}],"jobDescription":"To develop andriod application and web application","experience":["Google","Apple","Mobile Iron"]},{"jobId":400,"jobTitle":"Software Engg -2","project":[{"technology":["Kotlin","SQL Lite","Gradle","Pega"],"projectName":"Movie App"}],"jobDescription":"To develop andriod application","experience":["Google","Apple","Mobile Iron"]},{"jobId":3,"jobTitle":"Software Engg -5","project":[{"technology":["Kotlin","SQL Lite","Gradle","Pega"],"projectName":"Movie App"},{"technology":["Node Js","Html","Css","MongoDb"],"projectName":"Web App"}],"jobDescription":"To develop andriod application and web application","experience":["Google","Apple","Mobile Iron"]},{"jobId":297,"jobTitle":"Software Engg -2","project":[{"technology":["Kotlin","SQL Lite","Gradle","Pega"],"projectName":"Movie App"}],"jobDescription":"To develop andriod application","experience":["Google","Apple","Mobile Iron"]},{"jobId":10,"jobTitle":"Software Engg -5","project":[{"technology":["Kotlin","SQL Lite","Gradle","Pega"],"projectName":"Movie App"},{"technology":["Node Js","Html","Css","MongoDb"],"projectName":"Web App"}],"jobDescription":"To develop andriod application and web application","experience":["Google","Apple","Mobile Iron"]},{"jobId":10,"jobTitle":"Software Engg -2","project":[{"technology":["Kotlin","SQL Lite","Gradle","Pega"],"projectName":"Movie App"}],"jobDescription":"To develop andriod application","experience":["Google","Apple","Mobile Iron"]},{"jobId":297,"jobTitle":"Software Engg -2","project":[{"technology":["Kotlin","SQL Lite","Gradle","Pega"],"projectName":"Movie App"}],"jobDescription":"To develop andriod application","experience":["Google","Apple","Mobile Iron"]},{"jobId":400,"jobTitle":"Software Engg -2","project":[{"technology":["Kotlin","SQL Lite","Gradle","Pega"],"projectName":"Movie App"}],"jobDescription":"To develop andriod application","experience":["Google","Apple","Mobile Iron"]},{"jobId":4,"jobTitle":"Software Engg -5","project":[{"technology":["Kotlin","SQL Lite","Gradle","Pega"],"projectName":"Movie App"},{"technology":["Node Js","Html","Css","MongoDb"],"projectName":"Web App"}],"jobDescription":"To develop andriod application and web application","experience":["Google","Apple","Mobile Iron"]},{"jobId":6,"jobTitle":"Software Engg -2","project":[{"technology":["Kotlin","SQL Lite","Gradle","Pega"],"projectName":"Movie App"}],"jobDescription":"To develop andriod application","experience":["Google","Apple","Mobile Iron"]},{"jobId":297,"jobTitle":"Software Engg -2","project":[{"technology":["Kotlin","SQL Lite","Gradle","Pega"],"projectName":"Movie App"}],"jobDescription":"To develop andriod application","experience":["Google","Apple","Mobile Iron"]},{"jobId":400,"jobTitle":"Software Engg -2","project":[{"technology":["Kotlin","SQL Lite","Gradle","Pega"],"projectName":"Movie App"}],"jobDescription":"To develop andriod application","experience":["Google","Apple","Mobile Iron"]},{"jobId":8,"jobTitle":"Software Engg -5","project":[{"technology":["Kotlin","SQL Lite","Gradle","Pega"],"projectName":"Movie App"},{"technology":["Node Js","Html","Css","MongoDb"],"projectName":"Web App"}],"jobDescription":"To develop andriod application and web application","experience":["Google","Apple","Mobile Iron"]},{"jobId":297,"jobTitle":"Software Engg -2","project":[{"technology":["Kotlin","SQL Lite","Gradle","Pega"],"projectName":"Movie App"}],"jobDescription":"To develop andriod application","experience":["Google","Apple","Mobile Iron"]},{"jobId":2,"jobTitle":"Software Engg -2","project":[{"technology":["Kotlin","SQL Lite","Gradle","Pega"],"projectName":"Movie App"}],"jobDescription":"To develop andriod application","experience":["Google","Apple","Mobile Iron"]},{"jobId":7,"jobTitle":"Software Engg -5","project":[{"technology":["Kotlin","SQL Lite","Gradle","Pega"],"projectName":"Movie App"},{"technology":["Node Js","Html","Css","MongoDb"],"projectName":"Web App"}],"jobDescription":"To develop andriod application and web application","experience":["Google","Apple","Mobile Iron"]},{"jobId":400,"jobTitle":"Software Engg -2","project":[{"technology":["Kotlin","SQL Lite","Gradle","Pega"],"projectName":"Movie App"}],"jobDescription":"To develop andriod application","experience":["Google","Apple","Mobile Iron"]},{"jobId":8,"jobTitle":"Software Engg -2","project":[{"technology":["Kotlin","SQL Lite","Gradle","Pega"],"projectName":"Movie App"}],"jobDescription":"To develop andriod application","experience":["Google","Apple","Mobile Iron"]},{"jobId":297,"jobTitle":"Software Engg -2","project":[{"technology":["Kotlin","SQL Lite","Gradle","Pega"],"projectName":"Movie App"}],"jobDescription":"To develop andriod application","experience":["Google","Apple","Mobile Iron"]},{"jobId":9,"jobTitle":"Software Engg -5","project":[{"technology":["Kotlin","SQL Lite","Gradle","Pega"],"projectName":"Movie App"},{"technology":["Node Js","Html","Css","MongoDb"],"projectName":"Web App"}],"jobDescription":"To develop andriod application and web application","experience":["Google","Apple","Mobile Iron"]},{"jobId":400,"jobTitle":"Software Engg -2","project":[{"technology":["Kotlin","SQL Lite","Gradle","Pega"],"projectName":"Movie App"}],"jobDescription":"To develop andriod application","experience":["Google","Apple","Mobile Iron"]},{"jobId":3,"jobTitle":"Software Engg -2","project":[{"technology":["Kotlin","SQL Lite","Gradle","Pega"],"projectName":"Movie App"}],"jobDescription":"To develop andriod application","experience":["Google","Apple","Mobile Iron"]}], expected: [{"jobId":1,"jobTitle":"#(title)","project":[{"technology":["Kotlin","SQL Lite","Gradle"],"projectName":"Movie App"}],"jobDescription":"To develop andriod application","experience":["Google","Apple","Mobile Iron"]}], reason: actual and expected arrays are not the same size - 34:1
	at ✽.And match response == expectedResponse (variables.feature:15)

And print expectedResponse ................................................ skipped
And print "Globol id =&gt;", globalId ........................................ skipped
Given url 'http://localhost:9191/' ........................................ passed
And print '====== base url ======' ........................................ passed
And def globalId = 200 .................................................... passed
Given path "normal/webapi/all" ............................................ passed
And header Accept = "application/json" .................................... passed
When method get ........................................................... passed
Then status 200 ........................................................... passed
And print response ........................................................ passed
* def title = 'Software Engg' ............................................. passed
* def expectedResponse = read('../resources/dynamicJsonResponse.json') .... passed
And match response == expectedResponse .................................... failed

Stack Trace:
com.intuit.karate.exception.KarateException: variables.feature:27 - path: $, actual: [{"jobId":1,"jobTitle":"Software Engg","project":[{"technology":["Kotlin","SQL Lite","Gradle"],"projectName":"Movie App"}],"jobDescription":"To develop andriod application","experience":["Google","Apple","Mobile Iron"]},{"jobId":297,"jobTitle":"Software Engg -2","project":[{"technology":["Kotlin","SQL Lite","Gradle","Pega"],"projectName":"Movie App"}],"jobDescription":"To develop andriod application","experience":["Google","Apple","Mobile Iron"]},{"jobId":400,"jobTitle":"Software Engg -2","project":[{"technology":["Kotlin","SQL Lite","Gradle","Pega"],"projectName":"Movie App"}],"jobDescription":"To develop andriod application","experience":["Google","Apple","Mobile Iron"]},{"jobId":6,"jobTitle":"Software Engg -2","project":[{"technology":["Kotlin","SQL Lite","Gradle","Pega"],"projectName":"Movie App"}],"jobDescription":"To develop andriod application","experience":["Google","Apple","Mobile Iron"]},{"jobId":5,"jobTitle":"Software Engg -3","project":[{"technology":["Kotlin","SQL Lite","Gradle","Pega"],"projectName":"Movie App"},{"technology":["Node Js","Html","Css","MongoDb"],"projectName":"Web App"}],"jobDescription":"To develop andriod application and web application","experience":["Google","Apple","Mobile Iron"]},{"jobId":6,"jobTitle":"Software Engg -2","project":[{"technology":["Kotlin","SQL Lite","Gradle","Pega"],"projectName":"Movie App"}],"jobDescription":"To develop andriod application","experience":["Google","Apple","Mobile Iron"]},{"jobId":400,"jobTitle":"Software Engg -2","project":[{"technology":["Kotlin","SQL Lite","Gradle","Pega"],"projectName":"Movie App"}],"jobDescription":"To develop andriod application","experience":["Google","Apple","Mobile Iron"]},{"jobId":297,"jobTitle":"Software Engg -2","project":[{"technology":["Kotlin","SQL Lite","Gradle","Pega"],"projectName":"Movie App"}],"jobDescription":"To develop andriod application","experience":["Google","Apple","Mobile Iron"]},{"jobId":297,"jobTitle":"Software Engg -2","project":[{"technology":["Kotlin","SQL Lite","Gradle","Pega"],"projectName":"Movie App"}],"jobDescription":"To develop andriod application","experience":["Google","Apple","Mobile Iron"]},{"jobId":400,"jobTitle":"Software Engg -2","project":[{"technology":["Kotlin","SQL Lite","Gradle","Pega"],"projectName":"Movie App"}],"jobDescription":"To develop andriod application","experience":["Google","Apple","Mobile Iron"]},{"jobId":400,"jobTitle":"Software Engg -2","project":[{"technology":["Kotlin","SQL Lite","Gradle","Pega"],"projectName":"Movie App"}],"jobDescription":"To develop andriod application","experience":["Google","Apple","Mobile Iron"]},{"jobId":297,"jobTitle":"Software Engg -2","project":[{"technology":["Kotlin","SQL Lite","Gradle","Pega"],"projectName":"Movie App"}],"jobDescription":"To develop andriod application","experience":["Google","Apple","Mobile Iron"]},{"jobId":2,"jobTitle":"Software Engg -5","project":[{"technology":["Kotlin","SQL Lite","Gradle","Pega"],"projectName":"Movie App"},{"technology":["Node Js","Html","Css","MongoDb"],"projectName":"Web App"}],"jobDescription":"To develop andriod application and web application","experience":["Google","Apple","Mobile Iron"]},{"jobId":400,"jobTitle":"Software Engg -2","project":[{"technology":["Kotlin","SQL Lite","Gradle","Pega"],"projectName":"Movie App"}],"jobDescription":"To develop andriod application","experience":["Google","Apple","Mobile Iron"]},{"jobId":3,"jobTitle":"Software Engg -5","project":[{"technology":["Kotlin","SQL Lite","Gradle","Pega"],"projectName":"Movie App"},{"technology":["Node Js","Html","Css","MongoDb"],"projectName":"Web App"}],"jobDescription":"To develop andriod application and web application","experience":["Google","Apple","Mobile Iron"]},{"jobId":297,"jobTitle":"Software Engg -2","project":[{"technology":["Kotlin","SQL Lite","Gradle","Pega"],"projectName":"Movie App"}],"jobDescription":"To develop andriod application","experience":["Google","Apple","Mobile Iron"]},{"jobId":10,"jobTitle":"Software Engg -5","project":[{"technology":["Kotlin","SQL Lite","Gradle","Pega"],"projectName":"Movie App"},{"technology":["Node Js","Html","Css","MongoDb"],"projectName":"Web App"}],"jobDescription":"To develop andriod application and web application","experience":["Google","Apple","Mobile Iron"]},{"jobId":10,"jobTitle":"Software Engg -2","project":[{"technology":["Kotlin","SQL Lite","Gradle","Pega"],"projectName":"Movie App"}],"jobDescription":"To develop andriod application","experience":["Google","Apple","Mobile Iron"]},{"jobId":297,"jobTitle":"Software Engg -2","project":[{"technology":["Kotlin","SQL Lite","Gradle","Pega"],"projectName":"Movie App"}],"jobDescription":"To develop andriod application","experience":["Google","Apple","Mobile Iron"]},{"jobId":400,"jobTitle":"Software Engg -2","project":[{"technology":["Kotlin","SQL Lite","Gradle","Pega"],"projectName":"Movie App"}],"jobDescription":"To develop andriod application","experience":["Google","Apple","Mobile Iron"]},{"jobId":4,"jobTitle":"Software Engg -5","project":[{"technology":["Kotlin","SQL Lite","Gradle","Pega"],"projectName":"Movie App"},{"technology":["Node Js","Html","Css","MongoDb"],"projectName":"Web App"}],"jobDescription":"To develop andriod application and web application","experience":["Google","Apple","Mobile Iron"]},{"jobId":6,"jobTitle":"Software Engg -2","project":[{"technology":["Kotlin","SQL Lite","Gradle","Pega"],"projectName":"Movie App"}],"jobDescription":"To develop andriod application","experience":["Google","Apple","Mobile Iron"]},{"jobId":297,"jobTitle":"Software Engg -2","project":[{"technology":["Kotlin","SQL Lite","Gradle","Pega"],"projectName":"Movie App"}],"jobDescription":"To develop andriod application","experience":["Google","Apple","Mobile Iron"]},{"jobId":400,"jobTitle":"Software Engg -2","project":[{"technology":["Kotlin","SQL Lite","Gradle","Pega"],"projectName":"Movie App"}],"jobDescription":"To develop andriod application","experience":["Google","Apple","Mobile Iron"]},{"jobId":8,"jobTitle":"Software Engg -5","project":[{"technology":["Kotlin","SQL Lite","Gradle","Pega"],"projectName":"Movie App"},{"technology":["Node Js","Html","Css","MongoDb"],"projectName":"Web App"}],"jobDescription":"To develop andriod application and web application","experience":["Google","Apple","Mobile Iron"]},{"jobId":297,"jobTitle":"Software Engg -2","project":[{"technology":["Kotlin","SQL Lite","Gradle","Pega"],"projectName":"Movie App"}],"jobDescription":"To develop andriod application","experience":["Google","Apple","Mobile Iron"]},{"jobId":2,"jobTitle":"Software Engg -2","project":[{"technology":["Kotlin","SQL Lite","Gradle","Pega"],"projectName":"Movie App"}],"jobDescription":"To develop andriod application","experience":["Google","Apple","Mobile Iron"]},{"jobId":7,"jobTitle":"Software Engg -5","project":[{"technology":["Kotlin","SQL Lite","Gradle","Pega"],"projectName":"Movie App"},{"technology":["Node Js","Html","Css","MongoDb"],"projectName":"Web App"}],"jobDescription":"To develop andriod application and web application","experience":["Google","Apple","Mobile Iron"]},{"jobId":400,"jobTitle":"Software Engg -2","project":[{"technology":["Kotlin","SQL Lite","Gradle","Pega"],"projectName":"Movie App"}],"jobDescription":"To develop andriod application","experience":["Google","Apple","Mobile Iron"]},{"jobId":8,"jobTitle":"Software Engg -2","project":[{"technology":["Kotlin","SQL Lite","Gradle","Pega"],"projectName":"Movie App"}],"jobDescription":"To develop andriod application","experience":["Google","Apple","Mobile Iron"]},{"jobId":297,"jobTitle":"Software Engg -2","project":[{"technology":["Kotlin","SQL Lite","Gradle","Pega"],"projectName":"Movie App"}],"jobDescription":"To develop andriod application","experience":["Google","Apple","Mobile Iron"]},{"jobId":9,"jobTitle":"Software Engg -5","project":[{"technology":["Kotlin","SQL Lite","Gradle","Pega"],"projectName":"Movie App"},{"technology":["Node Js","Html","Css","MongoDb"],"projectName":"Web App"}],"jobDescription":"To develop andriod application and web application","experience":["Google","Apple","Mobile Iron"]},{"jobId":400,"jobTitle":"Software Engg -2","project":[{"technology":["Kotlin","SQL Lite","Gradle","Pega"],"projectName":"Movie App"}],"jobDescription":"To develop andriod application","experience":["Google","Apple","Mobile Iron"]},{"jobId":3,"jobTitle":"Software Engg -2","project":[{"technology":["Kotlin","SQL Lite","Gradle","Pega"],"projectName":"Movie App"}],"jobDescription":"To develop andriod application","experience":["Google","Apple","Mobile Iron"]}], expected: [{"jobId":1,"jobTitle":"Software Engg","jobDescription":"To develop andriod application","experience":["Google","Apple","Mobile Iron"],"project":[{"projectName":"Movie App","technology":["Kotlin","SQL Lite","Gradle"]}]},{"jobId":2,"jobTitle":"Software Engg -2","jobDescription":"To develop andriod application","experience":["Google","Apple","Mobile Iron"],"project":[{"projectName":"Movie App","technology":["Kotlin","SQL Lite","Gradle","Pega"]}]}], reason: actual and expected arrays are not the same size - 34:2
	at ✽.And match response == expectedResponse (variables.feature:27)

And print expectedResponse ................................................ skipped</failure>
  </testcase>
  <testcase classname="com.api.automation.variables" name="To create variables and print in console" time="0.045544">
    <system-out>Given url 'http://localhost:9191/' ........................................ passed
And print '====== base url ======' ........................................ passed
And def globalId = 200 .................................................... passed
Given path "normal/webapi/all" ............................................ passed
And header Accept = "application/json" .................................... passed
When method get ........................................................... passed
Then status 200 ........................................................... passed
And print response ........................................................ passed
* def expectedResponse = read('../resources/jsonResponse.json') ........... passed
And match response == expectedResponse .................................... failed

Stack Trace:
com.intuit.karate.exception.KarateException: variables.feature:15 - path: $, actual: [{"jobId":1,"jobTitle":"Software Engg","project":[{"technology":["Kotlin","SQL Lite","Gradle"],"projectName":"Movie App"}],"jobDescription":"To develop andriod application","experience":["Google","Apple","Mobile Iron"]},{"jobId":297,"jobTitle":"Software Engg -2","project":[{"technology":["Kotlin","SQL Lite","Gradle","Pega"],"projectName":"Movie App"}],"jobDescription":"To develop andriod application","experience":["Google","Apple","Mobile Iron"]},{"jobId":400,"jobTitle":"Software Engg -2","project":[{"technology":["Kotlin","SQL Lite","Gradle","Pega"],"projectName":"Movie App"}],"jobDescription":"To develop andriod application","experience":["Google","Apple","Mobile Iron"]},{"jobId":6,"jobTitle":"Software Engg -2","project":[{"technology":["Kotlin","SQL Lite","Gradle","Pega"],"projectName":"Movie App"}],"jobDescription":"To develop andriod application","experience":["Google","Apple","Mobile Iron"]},{"jobId":5,"jobTitle":"Software Engg -3","project":[{"technology":["Kotlin","SQL Lite","Gradle","Pega"],"projectName":"Movie App"},{"technology":["Node Js","Html","Css","MongoDb"],"projectName":"Web App"}],"jobDescription":"To develop andriod application and web application","experience":["Google","Apple","Mobile Iron"]},{"jobId":6,"jobTitle":"Software Engg -2","project":[{"technology":["Kotlin","SQL Lite","Gradle","Pega"],"projectName":"Movie App"}],"jobDescription":"To develop andriod application","experience":["Google","Apple","Mobile Iron"]},{"jobId":400,"jobTitle":"Software Engg -2","project":[{"technology":["Kotlin","SQL Lite","Gradle","Pega"],"projectName":"Movie App"}],"jobDescription":"To develop andriod application","experience":["Google","Apple","Mobile Iron"]},{"jobId":297,"jobTitle":"Software Engg -2","project":[{"technology":["Kotlin","SQL Lite","Gradle","Pega"],"projectName":"Movie App"}],"jobDescription":"To develop andriod application","experience":["Google","Apple","Mobile Iron"]},{"jobId":297,"jobTitle":"Software Engg -2","project":[{"technology":["Kotlin","SQL Lite","Gradle","Pega"],"projectName":"Movie App"}],"jobDescription":"To develop andriod application","experience":["Google","Apple","Mobile Iron"]},{"jobId":400,"jobTitle":"Software Engg -2","project":[{"technology":["Kotlin","SQL Lite","Gradle","Pega"],"projectName":"Movie App"}],"jobDescription":"To develop andriod application","experience":["Google","Apple","Mobile Iron"]},{"jobId":400,"jobTitle":"Software Engg -2","project":[{"technology":["Kotlin","SQL Lite","Gradle","Pega"],"projectName":"Movie App"}],"jobDescription":"To develop andriod application","experience":["Google","Apple","Mobile Iron"]},{"jobId":297,"jobTitle":"Software Engg -2","project":[{"technology":["Kotlin","SQL Lite","Gradle","Pega"],"projectName":"Movie App"}],"jobDescription":"To develop andriod application","experience":["Google","Apple","Mobile Iron"]},{"jobId":2,"jobTitle":"Software Engg -5","project":[{"technology":["Kotlin","SQL Lite","Gradle","Pega"],"projectName":"Movie App"},{"technology":["Node Js","Html","Css","MongoDb"],"projectName":"Web App"}],"jobDescription":"To develop andriod application and web application","experience":["Google","Apple","Mobile Iron"]},{"jobId":400,"jobTitle":"Software Engg -2","project":[{"technology":["Kotlin","SQL Lite","Gradle","Pega"],"projectName":"Movie App"}],"jobDescription":"To develop andriod application","experience":["Google","Apple","Mobile Iron"]},{"jobId":3,"jobTitle":"Software Engg -5","project":[{"technology":["Kotlin","SQL Lite","Gradle","Pega"],"projectName":"Movie App"},{"technology":["Node Js","Html","Css","MongoDb"],"projectName":"Web App"}],"jobDescription":"To develop andriod application and web application","experience":["Google","Apple","Mobile Iron"]},{"jobId":297,"jobTitle":"Software Engg -2","project":[{"technology":["Kotlin","SQL Lite","Gradle","Pega"],"projectName":"Movie App"}],"jobDescription":"To develop andriod application","experience":["Google","Apple","Mobile Iron"]},{"jobId":10,"jobTitle":"Software Engg -5","project":[{"technology":["Kotlin","SQL Lite","Gradle","Pega"],"projectName":"Movie App"},{"technology":["Node Js","Html","Css","MongoDb"],"projectName":"Web App"}],"jobDescription":"To develop andriod application and web application","experience":["Google","Apple","Mobile Iron"]},{"jobId":10,"jobTitle":"Software Engg -2","project":[{"technology":["Kotlin","SQL Lite","Gradle","Pega"],"projectName":"Movie App"}],"jobDescription":"To develop andriod application","experience":["Google","Apple","Mobile Iron"]},{"jobId":297,"jobTitle":"Software Engg -2","project":[{"technology":["Kotlin","SQL Lite","Gradle","Pega"],"projectName":"Movie App"}],"jobDescription":"To develop andriod application","experience":["Google","Apple","Mobile Iron"]},{"jobId":400,"jobTitle":"Software Engg -2","project":[{"technology":["Kotlin","SQL Lite","Gradle","Pega"],"projectName":"Movie App"}],"jobDescription":"To develop andriod application","experience":["Google","Apple","Mobile Iron"]},{"jobId":4,"jobTitle":"Software Engg -5","project":[{"technology":["Kotlin","SQL Lite","Gradle","Pega"],"projectName":"Movie App"},{"technology":["Node Js","Html","Css","MongoDb"],"projectName":"Web App"}],"jobDescription":"To develop andriod application and web application","experience":["Google","Apple","Mobile Iron"]},{"jobId":6,"jobTitle":"Software Engg -2","project":[{"technology":["Kotlin","SQL Lite","Gradle","Pega"],"projectName":"Movie App"}],"jobDescription":"To develop andriod application","experience":["Google","Apple","Mobile Iron"]},{"jobId":297,"jobTitle":"Software Engg -2","project":[{"technology":["Kotlin","SQL Lite","Gradle","Pega"],"projectName":"Movie App"}],"jobDescription":"To develop andriod application","experience":["Google","Apple","Mobile Iron"]},{"jobId":400,"jobTitle":"Software Engg -2","project":[{"technology":["Kotlin","SQL Lite","Gradle","Pega"],"projectName":"Movie App"}],"jobDescription":"To develop andriod application","experience":["Google","Apple","Mobile Iron"]},{"jobId":8,"jobTitle":"Software Engg -5","project":[{"technology":["Kotlin","SQL Lite","Gradle","Pega"],"projectName":"Movie App"},{"technology":["Node Js","Html","Css","MongoDb"],"projectName":"Web App"}],"jobDescription":"To develop andriod application and web application","experience":["Google","Apple","Mobile Iron"]},{"jobId":297,"jobTitle":"Software Engg -2","project":[{"technology":["Kotlin","SQL Lite","Gradle","Pega"],"projectName":"Movie App"}],"jobDescription":"To develop andriod application","experience":["Google","Apple","Mobile Iron"]},{"jobId":2,"jobTitle":"Software Engg -2","project":[{"technology":["Kotlin","SQL Lite","Gradle","Pega"],"projectName":"Movie App"}],"jobDescription":"To develop andriod application","experience":["Google","Apple","Mobile Iron"]},{"jobId":7,"jobTitle":"Software Engg -5","project":[{"technology":["Kotlin","SQL Lite","Gradle","Pega"],"projectName":"Movie App"},{"technology":["Node Js","Html","Css","MongoDb"],"projectName":"Web App"}],"jobDescription":"To develop andriod application and web application","experience":["Google","Apple","Mobile Iron"]},{"jobId":400,"jobTitle":"Software Engg -2","project":[{"technology":["Kotlin","SQL Lite","Gradle","Pega"],"projectName":"Movie App"}],"jobDescription":"To develop andriod application","experience":["Google","Apple","Mobile Iron"]},{"jobId":8,"jobTitle":"Software Engg -2","project":[{"technology":["Kotlin","SQL Lite","Gradle","Pega"],"projectName":"Movie App"}],"jobDescription":"To develop andriod application","experience":["Google","Apple","Mobile Iron"]},{"jobId":297,"jobTitle":"Software Engg -2","project":[{"technology":["Kotlin","SQL Lite","Gradle","Pega"],"projectName":"Movie App"}],"jobDescription":"To develop andriod application","experience":["Google","Apple","Mobile Iron"]},{"jobId":9,"jobTitle":"Software Engg -5","project":[{"technology":["Kotlin","SQL Lite","Gradle","Pega"],"projectName":"Movie App"},{"technology":["Node Js","Html","Css","MongoDb"],"projectName":"Web App"}],"jobDescription":"To develop andriod application and web application","experience":["Google","Apple","Mobile Iron"]},{"jobId":400,"jobTitle":"Software Engg -2","project":[{"technology":["Kotlin","SQL Lite","Gradle","Pega"],"projectName":"Movie App"}],"jobDescription":"To develop andriod application","experience":["Google","Apple","Mobile Iron"]},{"jobId":3,"jobTitle":"Software Engg -2","project":[{"technology":["Kotlin","SQL Lite","Gradle","Pega"],"projectName":"Movie App"}],"jobDescription":"To develop andriod application","experience":["Google","Apple","Mobile Iron"]}], expected: [{"jobId":1,"jobTitle":"#(title)","project":[{"technology":["Kotlin","SQL Lite","Gradle"],"projectName":"Movie App"}],"jobDescription":"To develop andriod application","experience":["Google","Apple","Mobile Iron"]}], reason: actual and expected arrays are not the same size - 34:1
	at ✽.And match response == expectedResponse (variables.feature:15)

And print expectedResponse ................................................ skipped
And print "Globol id =&gt;", globalId ........................................ skipped
Given url 'http://localhost:9191/' ........................................ passed
And print '====== base url ======' ........................................ passed
And def globalId = 200 .................................................... passed
Given path "normal/webapi/all" ............................................ passed
And header Accept = "application/json" .................................... passed
When method get ........................................................... passed
Then status 200 ........................................................... passed
And print response ........................................................ passed
* def title = 'Software Engg' ............................................. passed
* def expectedResponse = read('../resources/dynamicJsonResponse.json') .... passed
And match response == expectedResponse .................................... failed

Stack Trace:
com.intuit.karate.exception.KarateException: variables.feature:27 - path: $, actual: [{"jobId":1,"jobTitle":"Software Engg","project":[{"technology":["Kotlin","SQL Lite","Gradle"],"projectName":"Movie App"}],"jobDescription":"To develop andriod application","experience":["Google","Apple","Mobile Iron"]},{"jobId":297,"jobTitle":"Software Engg -2","project":[{"technology":["Kotlin","SQL Lite","Gradle","Pega"],"projectName":"Movie App"}],"jobDescription":"To develop andriod application","experience":["Google","Apple","Mobile Iron"]},{"jobId":400,"jobTitle":"Software Engg -2","project":[{"technology":["Kotlin","SQL Lite","Gradle","Pega"],"projectName":"Movie App"}],"jobDescription":"To develop andriod application","experience":["Google","Apple","Mobile Iron"]},{"jobId":6,"jobTitle":"Software Engg -2","project":[{"technology":["Kotlin","SQL Lite","Gradle","Pega"],"projectName":"Movie App"}],"jobDescription":"To develop andriod application","experience":["Google","Apple","Mobile Iron"]},{"jobId":5,"jobTitle":"Software Engg -3","project":[{"technology":["Kotlin","SQL Lite","Gradle","Pega"],"projectName":"Movie App"},{"technology":["Node Js","Html","Css","MongoDb"],"projectName":"Web App"}],"jobDescription":"To develop andriod application and web application","experience":["Google","Apple","Mobile Iron"]},{"jobId":6,"jobTitle":"Software Engg -2","project":[{"technology":["Kotlin","SQL Lite","Gradle","Pega"],"projectName":"Movie App"}],"jobDescription":"To develop andriod application","experience":["Google","Apple","Mobile Iron"]},{"jobId":400,"jobTitle":"Software Engg -2","project":[{"technology":["Kotlin","SQL Lite","Gradle","Pega"],"projectName":"Movie App"}],"jobDescription":"To develop andriod application","experience":["Google","Apple","Mobile Iron"]},{"jobId":297,"jobTitle":"Software Engg -2","project":[{"technology":["Kotlin","SQL Lite","Gradle","Pega"],"projectName":"Movie App"}],"jobDescription":"To develop andriod application","experience":["Google","Apple","Mobile Iron"]},{"jobId":297,"jobTitle":"Software Engg -2","project":[{"technology":["Kotlin","SQL Lite","Gradle","Pega"],"projectName":"Movie App"}],"jobDescription":"To develop andriod application","experience":["Google","Apple","Mobile Iron"]},{"jobId":400,"jobTitle":"Software Engg -2","project":[{"technology":["Kotlin","SQL Lite","Gradle","Pega"],"projectName":"Movie App"}],"jobDescription":"To develop andriod application","experience":["Google","Apple","Mobile Iron"]},{"jobId":400,"jobTitle":"Software Engg -2","project":[{"technology":["Kotlin","SQL Lite","Gradle","Pega"],"projectName":"Movie App"}],"jobDescription":"To develop andriod application","experience":["Google","Apple","Mobile Iron"]},{"jobId":297,"jobTitle":"Software Engg -2","project":[{"technology":["Kotlin","SQL Lite","Gradle","Pega"],"projectName":"Movie App"}],"jobDescription":"To develop andriod application","experience":["Google","Apple","Mobile Iron"]},{"jobId":2,"jobTitle":"Software Engg -5","project":[{"technology":["Kotlin","SQL Lite","Gradle","Pega"],"projectName":"Movie App"},{"technology":["Node Js","Html","Css","MongoDb"],"projectName":"Web App"}],"jobDescription":"To develop andriod application and web application","experience":["Google","Apple","Mobile Iron"]},{"jobId":400,"jobTitle":"Software Engg -2","project":[{"technology":["Kotlin","SQL Lite","Gradle","Pega"],"projectName":"Movie App"}],"jobDescription":"To develop andriod application","experience":["Google","Apple","Mobile Iron"]},{"jobId":3,"jobTitle":"Software Engg -5","project":[{"technology":["Kotlin","SQL Lite","Gradle","Pega"],"projectName":"Movie App"},{"technology":["Node Js","Html","Css","MongoDb"],"projectName":"Web App"}],"jobDescription":"To develop andriod application and web application","experience":["Google","Apple","Mobile Iron"]},{"jobId":297,"jobTitle":"Software Engg -2","project":[{"technology":["Kotlin","SQL Lite","Gradle","Pega"],"projectName":"Movie App"}],"jobDescription":"To develop andriod application","experience":["Google","Apple","Mobile Iron"]},{"jobId":10,"jobTitle":"Software Engg -5","project":[{"technology":["Kotlin","SQL Lite","Gradle","Pega"],"projectName":"Movie App"},{"technology":["Node Js","Html","Css","MongoDb"],"projectName":"Web App"}],"jobDescription":"To develop andriod application and web application","experience":["Google","Apple","Mobile Iron"]},{"jobId":10,"jobTitle":"Software Engg -2","project":[{"technology":["Kotlin","SQL Lite","Gradle","Pega"],"projectName":"Movie App"}],"jobDescription":"To develop andriod application","experience":["Google","Apple","Mobile Iron"]},{"jobId":297,"jobTitle":"Software Engg -2","project":[{"technology":["Kotlin","SQL Lite","Gradle","Pega"],"projectName":"Movie App"}],"jobDescription":"To develop andriod application","experience":["Google","Apple","Mobile Iron"]},{"jobId":400,"jobTitle":"Software Engg -2","project":[{"technology":["Kotlin","SQL Lite","Gradle","Pega"],"projectName":"Movie App"}],"jobDescription":"To develop andriod application","experience":["Google","Apple","Mobile Iron"]},{"jobId":4,"jobTitle":"Software Engg -5","project":[{"technology":["Kotlin","SQL Lite","Gradle","Pega"],"projectName":"Movie App"},{"technology":["Node Js","Html","Css","MongoDb"],"projectName":"Web App"}],"jobDescription":"To develop andriod application and web application","experience":["Google","Apple","Mobile Iron"]},{"jobId":6,"jobTitle":"Software Engg -2","project":[{"technology":["Kotlin","SQL Lite","Gradle","Pega"],"projectName":"Movie App"}],"jobDescription":"To develop andriod application","experience":["Google","Apple","Mobile Iron"]},{"jobId":297,"jobTitle":"Software Engg -2","project":[{"technology":["Kotlin","SQL Lite","Gradle","Pega"],"projectName":"Movie App"}],"jobDescription":"To develop andriod application","experience":["Google","Apple","Mobile Iron"]},{"jobId":400,"jobTitle":"Software Engg -2","project":[{"technology":["Kotlin","SQL Lite","Gradle","Pega"],"projectName":"Movie App"}],"jobDescription":"To develop andriod application","experience":["Google","Apple","Mobile Iron"]},{"jobId":8,"jobTitle":"Software Engg -5","project":[{"technology":["Kotlin","SQL Lite","Gradle","Pega"],"projectName":"Movie App"},{"technology":["Node Js","Html","Css","MongoDb"],"projectName":"Web App"}],"jobDescription":"To develop andriod application and web application","experience":["Google","Apple","Mobile Iron"]},{"jobId":297,"jobTitle":"Software Engg -2","project":[{"technology":["Kotlin","SQL Lite","Gradle","Pega"],"projectName":"Movie App"}],"jobDescription":"To develop andriod application","experience":["Google","Apple","Mobile Iron"]},{"jobId":2,"jobTitle":"Software Engg -2","project":[{"technology":["Kotlin","SQL Lite","Gradle","Pega"],"projectName":"Movie App"}],"jobDescription":"To develop andriod application","experience":["Google","Apple","Mobile Iron"]},{"jobId":7,"jobTitle":"Software Engg -5","project":[{"technology":["Kotlin","SQL Lite","Gradle","Pega"],"projectName":"Movie App"},{"technology":["Node Js","Html","Css","MongoDb"],"projectName":"Web App"}],"jobDescription":"To develop andriod application and web application","experience":["Google","Apple","Mobile Iron"]},{"jobId":400,"jobTitle":"Software Engg -2","project":[{"technology":["Kotlin","SQL Lite","Gradle","Pega"],"projectName":"Movie App"}],"jobDescription":"To develop andriod application","experience":["Google","Apple","Mobile Iron"]},{"jobId":8,"jobTitle":"Software Engg -2","project":[{"technology":["Kotlin","SQL Lite","Gradle","Pega"],"projectName":"Movie App"}],"jobDescription":"To develop andriod application","experience":["Google","Apple","Mobile Iron"]},{"jobId":297,"jobTitle":"Software Engg -2","project":[{"technology":["Kotlin","SQL Lite","Gradle","Pega"],"projectName":"Movie App"}],"jobDescription":"To develop andriod application","experience":["Google","Apple","Mobile Iron"]},{"jobId":9,"jobTitle":"Software Engg -5","project":[{"technology":["Kotlin","SQL Lite","Gradle","Pega"],"projectName":"Movie App"},{"technology":["Node Js","Html","Css","MongoDb"],"projectName":"Web App"}],"jobDescription":"To develop andriod application and web application","experience":["Google","Apple","Mobile Iron"]},{"jobId":400,"jobTitle":"Software Engg -2","project":[{"technology":["Kotlin","SQL Lite","Gradle","Pega"],"projectName":"Movie App"}],"jobDescription":"To develop andriod application","experience":["Google","Apple","Mobile Iron"]},{"jobId":3,"jobTitle":"Software Engg -2","project":[{"technology":["Kotlin","SQL Lite","Gradle","Pega"],"projectName":"Movie App"}],"jobDescription":"To develop andriod application","experience":["Google","Apple","Mobile Iron"]}], expected: [{"jobId":1,"jobTitle":"Software Engg","jobDescription":"To develop andriod application","experience":["Google","Apple","Mobile Iron"],"project":[{"projectName":"Movie App","technology":["Kotlin","SQL Lite","Gradle"]}]},{"jobId":2,"jobTitle":"Software Engg -2","jobDescription":"To develop andriod application","experience":["Google","Apple","Mobile Iron"],"project":[{"projectName":"Movie App","technology":["Kotlin","SQL Lite","Gradle","Pega"]}]}], reason: actual and expected arrays are not the same size - 34:2
	at ✽.And match response == expectedResponse (variables.feature:27)

And print expectedResponse ................................................ skipped
Given url 'http://localhost:9191/' ........................................ passed
And print '====== base url ======' ........................................ passed
And def globalId = 200 .................................................... passed
* def int_var = 100 ....................................................... passed
* def str_var = "Chinmay" ................................................. passed
* def int_var_2 = int_var + 100 ........................................... passed
And print "int_var =&gt;",int_var ............................................ passed
And print "str_var =&gt;",str_var ............................................ passed
And print "int_var_2 =&gt;",int_var_2 ........................................ passed
And print "Globol id =&gt;", globalId ........................................ passed</system-out>
  </testcase>
</testsuite>
