<testsuite failures="1" name="com/api/automation/validateJsonResponse.feature" skipped="0" tests="5" time="0.115922">
  <testcase classname="com.api.automation.validateJsonResponse" name="To validate the full response body using Http getAll Endpoint in Json Format" time="0.020058">
    <failure message="validateJsonResponse.feature:13 - path: $, actual: [{&quot;jobId&quot;:1,&quot;jobTitle&quot;:&quot;Software Engg&quot;,&quot;project&quot;:[{&quot;technology&quot;:[&quot;Kotlin&quot;,&quot;SQL Lite&quot;,&quot;Gradle&quot;],&quot;projectName&quot;:&quot;Movie App&quot;}],&quot;jobDescription&quot;:&quot;To develop andriod application&quot;,&quot;experience&quot;:[&quot;Google&quot;,&quot;Apple&quot;,&quot;Mobile Iron&quot;]},{&quot;jobId&quot;:297,&quot;jobTitle&quot;:&quot;Software Engg -2&quot;,&quot;project&quot;:[{&quot;technology&quot;:[&quot;Kotlin&quot;,&quot;SQL Lite&quot;,&quot;Gradle&quot;,&quot;Pega&quot;],&quot;projectName&quot;:&quot;Movie App&quot;}],&quot;jobDescription&quot;:&quot;To develop andriod application&quot;,&quot;experience&quot;:[&quot;Google&quot;,&quot;Apple&quot;,&quot;Mobile Iron&quot;]},{&quot;jobId&quot;:400,&quot;jobTitle&quot;:&quot;Software Engg -2&quot;,&quot;project&quot;:[{&quot;technology&quot;:[&quot;Kotlin&quot;,&quot;SQL Lite&quot;,&quot;Gradle&quot;,&quot;Pega&quot;],&quot;projectName&quot;:&quot;Movie App&quot;}],&quot;jobDescription&quot;:&quot;To develop andriod application&quot;,&quot;experience&quot;:[&quot;Google&quot;,&quot;Apple&quot;,&quot;Mobile Iron&quot;]},{&quot;jobId&quot;:6,&quot;jobTitle&quot;:&quot;Software Engg -2&quot;,&quot;project&quot;:[{&quot;technology&quot;:[&quot;Kotlin&quot;,&quot;SQL Lite&quot;,&quot;Gradle&quot;,&quot;Pega&quot;],&quot;projectName&quot;:&quot;Movie App&quot;}],&quot;jobDescription&quot;:&quot;To develop andriod application&quot;,&quot;experience&quot;:[&quot;Google&quot;,&quot;Apple&quot;,&quot;Mobile Iron&quot;]},{&quot;jobId&quot;:5,&quot;jobTitle&quot;:&quot;Software Engg -3&quot;,&quot;project&quot;:[{&quot;technology&quot;:[&quot;Kotlin&quot;,&quot;SQL Lite&quot;,&quot;Gradle&quot;,&quot;Pega&quot;],&quot;projectName&quot;:&quot;Movie App&quot;},{&quot;technology&quot;:[&quot;Node Js&quot;,&quot;Html&quot;,&quot;Css&quot;,&quot;MongoDb&quot;],&quot;projectName&quot;:&quot;Web App&quot;}],&quot;jobDescription&quot;:&quot;To develop andriod application and web application&quot;,&quot;experience&quot;:[&quot;Google&quot;,&quot;Apple&quot;,&quot;Mobile Iron&quot;]},{&quot;jobId&quot;:6,&quot;jobTitle&quot;:&quot;Software Engg -2&quot;,&quot;project&quot;:[{&quot;technology&quot;:[&quot;Kotlin&quot;,&quot;SQL Lite&quot;,&quot;Gradle&quot;,&quot;Pega&quot;],&quot;projectName&quot;:&quot;Movie App&quot;}],&quot;jobDescription&quot;:&quot;To develop andriod application&quot;,&quot;experience&quot;:[&quot;Google&quot;,&quot;Apple&quot;,&quot;Mobile Iron&quot;]},{&quot;jobId&quot;:400,&quot;jobTitle&quot;:&quot;Software Engg -2&quot;,&quot;project&quot;:[{&quot;technology&quot;:[&quot;Kotlin&quot;,&quot;SQL Lite&quot;,&quot;Gradle&quot;,&quot;Pega&quot;],&quot;projectName&quot;:&quot;Movie App&quot;}],&quot;jobDescription&quot;:&quot;To develop andriod application&quot;,&quot;experience&quot;:[&quot;Google&quot;,&quot;Apple&quot;,&quot;Mobile Iron&quot;]},{&quot;jobId&quot;:297,&quot;jobTitle&quot;:&quot;Software Engg -2&quot;,&quot;project&quot;:[{&quot;technology&quot;:[&quot;Kotlin&quot;,&quot;SQL Lite&quot;,&quot;Gradle&quot;,&quot;Pega&quot;],&quot;projectName&quot;:&quot;Movie App&quot;}],&quot;jobDescription&quot;:&quot;To develop andriod application&quot;,&quot;experience&quot;:[&quot;Google&quot;,&quot;Apple&quot;,&quot;Mobile Iron&quot;]},{&quot;jobId&quot;:297,&quot;jobTitle&quot;:&quot;Software Engg -2&quot;,&quot;project&quot;:[{&quot;technology&quot;:[&quot;Kotlin&quot;,&quot;SQL Lite&quot;,&quot;Gradle&quot;,&quot;Pega&quot;],&quot;projectName&quot;:&quot;Movie App&quot;}],&quot;jobDescription&quot;:&quot;To develop andriod application&quot;,&quot;experience&quot;:[&quot;Google&quot;,&quot;Apple&quot;,&quot;Mobile Iron&quot;]},{&quot;jobId&quot;:400,&quot;jobTitle&quot;:&quot;Software Engg -2&quot;,&quot;project&quot;:[{&quot;technology&quot;:[&quot;Kotlin&quot;,&quot;SQL Lite&quot;,&quot;Gradle&quot;,&quot;Pega&quot;],&quot;projectName&quot;:&quot;Movie App&quot;}],&quot;jobDescription&quot;:&quot;To develop andriod application&quot;,&quot;experience&quot;:[&quot;Google&quot;,&quot;Apple&quot;,&quot;Mobile Iron&quot;]},{&quot;jobId&quot;:400,&quot;jobTitle&quot;:&quot;Software Engg -2&quot;,&quot;project&quot;:[{&quot;technology&quot;:[&quot;Kotlin&quot;,&quot;SQL Lite&quot;,&quot;Gradle&quot;,&quot;Pega&quot;],&quot;projectName&quot;:&quot;Movie App&quot;}],&quot;jobDescription&quot;:&quot;To develop andriod application&quot;,&quot;experience&quot;:[&quot;Google&quot;,&quot;Apple&quot;,&quot;Mobile Iron&quot;]},{&quot;jobId&quot;:297,&quot;jobTitle&quot;:&quot;Software Engg -2&quot;,&quot;project&quot;:[{&quot;technology&quot;:[&quot;Kotlin&quot;,&quot;SQL Lite&quot;,&quot;Gradle&quot;,&quot;Pega&quot;],&quot;projectName&quot;:&quot;Movie App&quot;}],&quot;jobDescription&quot;:&quot;To develop andriod application&quot;,&quot;experience&quot;:[&quot;Google&quot;,&quot;Apple&quot;,&quot;Mobile Iron&quot;]},{&quot;jobId&quot;:2,&quot;jobTitle&quot;:&quot;Software Engg -5&quot;,&quot;project&quot;:[{&quot;technology&quot;:[&quot;Kotlin&quot;,&quot;SQL Lite&quot;,&quot;Gradle&quot;,&quot;Pega&quot;],&quot;projectName&quot;:&quot;Movie App&quot;},{&quot;technology&quot;:[&quot;Node Js&quot;,&quot;Html&quot;,&quot;Css&quot;,&quot;MongoDb&quot;],&quot;projectName&quot;:&quot;Web App&quot;}],&quot;jobDescription&quot;:&quot;To develop andriod application and web application&quot;,&quot;experience&quot;:[&quot;Google&quot;,&quot;Apple&quot;,&quot;Mobile Iron&quot;]},{&quot;jobId&quot;:400,&quot;jobTitle&quot;:&quot;Software Engg -2&quot;,&quot;project&quot;:[{&quot;technology&quot;:[&quot;Kotlin&quot;,&quot;SQL Lite&quot;,&quot;Gradle&quot;,&quot;Pega&quot;],&quot;projectName&quot;:&quot;Movie App&quot;}],&quot;jobDescription&quot;:&quot;To develop andriod application&quot;,&quot;experience&quot;:[&quot;Google&quot;,&quot;Apple&quot;,&quot;Mobile Iron&quot;]},{&quot;jobId&quot;:297,&quot;jobTitle&quot;:&quot;Software Engg -2&quot;,&quot;project&quot;:[{&quot;technology&quot;:[&quot;Kotlin&quot;,&quot;SQL Lite&quot;,&quot;Gradle&quot;,&quot;Pega&quot;],&quot;projectName&quot;:&quot;Movie App&quot;}],&quot;jobDescription&quot;:&quot;To develop andriod application&quot;,&quot;experience&quot;:[&quot;Google&quot;,&quot;Apple&quot;,&quot;Mobile Iron&quot;]},{&quot;jobId&quot;:10,&quot;jobTitle&quot;:&quot;Software Engg -5&quot;,&quot;project&quot;:[{&quot;technology&quot;:[&quot;Kotlin&quot;,&quot;SQL Lite&quot;,&quot;Gradle&quot;,&quot;Pega&quot;],&quot;projectName&quot;:&quot;Movie App&quot;},{&quot;technology&quot;:[&quot;Node Js&quot;,&quot;Html&quot;,&quot;Css&quot;,&quot;MongoDb&quot;],&quot;projectName&quot;:&quot;Web App&quot;}],&quot;jobDescription&quot;:&quot;To develop andriod application and web application&quot;,&quot;experience&quot;:[&quot;Google&quot;,&quot;Apple&quot;,&quot;Mobile Iron&quot;]},{&quot;jobId&quot;:10,&quot;jobTitle&quot;:&quot;Software Engg -2&quot;,&quot;project&quot;:[{&quot;technology&quot;:[&quot;Kotlin&quot;,&quot;SQL Lite&quot;,&quot;Gradle&quot;,&quot;Pega&quot;],&quot;projectName&quot;:&quot;Movie App&quot;}],&quot;jobDescription&quot;:&quot;To develop andriod application&quot;,&quot;experience&quot;:[&quot;Google&quot;,&quot;Apple&quot;,&quot;Mobile Iron&quot;]},{&quot;jobId&quot;:297,&quot;jobTitle&quot;:&quot;Software Engg -2&quot;,&quot;project&quot;:[{&quot;technology&quot;:[&quot;Kotlin&quot;,&quot;SQL Lite&quot;,&quot;Gradle&quot;,&quot;Pega&quot;],&quot;projectName&quot;:&quot;Movie App&quot;}],&quot;jobDescription&quot;:&quot;To develop andriod application&quot;,&quot;experience&quot;:[&quot;Google&quot;,&quot;Apple&quot;,&quot;Mobile Iron&quot;]},{&quot;jobId&quot;:400,&quot;jobTitle&quot;:&quot;Software Engg -2&quot;,&quot;project&quot;:[{&quot;technology&quot;:[&quot;Kotlin&quot;,&quot;SQL Lite&quot;,&quot;Gradle&quot;,&quot;Pega&quot;],&quot;projectName&quot;:&quot;Movie App&quot;}],&quot;jobDescription&quot;:&quot;To develop andriod application&quot;,&quot;experience&quot;:[&quot;Google&quot;,&quot;Apple&quot;,&quot;Mobile Iron&quot;]},{&quot;jobId&quot;:4,&quot;jobTitle&quot;:&quot;Software Engg -5&quot;,&quot;project&quot;:[{&quot;technology&quot;:[&quot;Kotlin&quot;,&quot;SQL Lite&quot;,&quot;Gradle&quot;,&quot;Pega&quot;],&quot;projectName&quot;:&quot;Movie App&quot;},{&quot;technology&quot;:[&quot;Node Js&quot;,&quot;Html&quot;,&quot;Css&quot;,&quot;MongoDb&quot;],&quot;projectName&quot;:&quot;Web App&quot;}],&quot;jobDescription&quot;:&quot;To develop andriod application and web application&quot;,&quot;experience&quot;:[&quot;Google&quot;,&quot;Apple&quot;,&quot;Mobile Iron&quot;]},{&quot;jobId&quot;:6,&quot;jobTitle&quot;:&quot;Software Engg -2&quot;,&quot;project&quot;:[{&quot;technology&quot;:[&quot;Kotlin&quot;,&quot;SQL Lite&quot;,&quot;Gradle&quot;,&quot;Pega&quot;],&quot;projectName&quot;:&quot;Movie App&quot;}],&quot;jobDescription&quot;:&quot;To develop andriod application&quot;,&quot;experience&quot;:[&quot;Google&quot;,&quot;Apple&quot;,&quot;Mobile Iron&quot;]},{&quot;jobId&quot;:297,&quot;jobTitle&quot;:&quot;Software Engg -2&quot;,&quot;project&quot;:[{&quot;technology&quot;:[&quot;Kotlin&quot;,&quot;SQL Lite&quot;,&quot;Gradle&quot;,&quot;Pega&quot;],&quot;projectName&quot;:&quot;Movie App&quot;}],&quot;jobDescription&quot;:&quot;To develop andriod application&quot;,&quot;experience&quot;:[&quot;Google&quot;,&quot;Apple&quot;,&quot;Mobile Iron&quot;]},{&quot;jobId&quot;:400,&quot;jobTitle&quot;:&quot;Software Engg -2&quot;,&quot;project&quot;:[{&quot;technology&quot;:[&quot;Kotlin&quot;,&quot;SQL Lite&quot;,&quot;Gradle&quot;,&quot;Pega&quot;],&quot;projectName&quot;:&quot;Movie App&quot;}],&quot;jobDescription&quot;:&quot;To develop andriod application&quot;,&quot;experience&quot;:[&quot;Google&quot;,&quot;Apple&quot;,&quot;Mobile Iron&quot;]},{&quot;jobId&quot;:8,&quot;jobTitle&quot;:&quot;Software Engg -5&quot;,&quot;project&quot;:[{&quot;technology&quot;:[&quot;Kotlin&quot;,&quot;SQL Lite&quot;,&quot;Gradle&quot;,&quot;Pega&quot;],&quot;projectName&quot;:&quot;Movie App&quot;},{&quot;technology&quot;:[&quot;Node Js&quot;,&quot;Html&quot;,&quot;Css&quot;,&quot;MongoDb&quot;],&quot;projectName&quot;:&quot;Web App&quot;}],&quot;jobDescription&quot;:&quot;To develop andriod application and web application&quot;,&quot;experience&quot;:[&quot;Google&quot;,&quot;Apple&quot;,&quot;Mobile Iron&quot;]},{&quot;jobId&quot;:297,&quot;jobTitle&quot;:&quot;Software Engg -2&quot;,&quot;project&quot;:[{&quot;technology&quot;:[&quot;Kotlin&quot;,&quot;SQL Lite&quot;,&quot;Gradle&quot;,&quot;Pega&quot;],&quot;projectName&quot;:&quot;Movie App&quot;}],&quot;jobDescription&quot;:&quot;To develop andriod application&quot;,&quot;experience&quot;:[&quot;Google&quot;,&quot;Apple&quot;,&quot;Mobile Iron&quot;]},{&quot;jobId&quot;:2,&quot;jobTitle&quot;:&quot;Software Engg -2&quot;,&quot;project&quot;:[{&quot;technology&quot;:[&quot;Kotlin&quot;,&quot;SQL Lite&quot;,&quot;Gradle&quot;,&quot;Pega&quot;],&quot;projectName&quot;:&quot;Movie App&quot;}],&quot;jobDescription&quot;:&quot;To develop andriod application&quot;,&quot;experience&quot;:[&quot;Google&quot;,&quot;Apple&quot;,&quot;Mobile Iron&quot;]},{&quot;jobId&quot;:7,&quot;jobTitle&quot;:&quot;Software Engg -5&quot;,&quot;project&quot;:[{&quot;technology&quot;:[&quot;Kotlin&quot;,&quot;SQL Lite&quot;,&quot;Gradle&quot;,&quot;Pega&quot;],&quot;projectName&quot;:&quot;Movie App&quot;},{&quot;technology&quot;:[&quot;Node Js&quot;,&quot;Html&quot;,&quot;Css&quot;,&quot;MongoDb&quot;],&quot;projectName&quot;:&quot;Web App&quot;}],&quot;jobDescription&quot;:&quot;To develop andriod application and web application&quot;,&quot;experience&quot;:[&quot;Google&quot;,&quot;Apple&quot;,&quot;Mobile Iron&quot;]},{&quot;jobId&quot;:400,&quot;jobTitle&quot;:&quot;Software Engg -2&quot;,&quot;project&quot;:[{&quot;technology&quot;:[&quot;Kotlin&quot;,&quot;SQL Lite&quot;,&quot;Gradle&quot;,&quot;Pega&quot;],&quot;projectName&quot;:&quot;Movie App&quot;}],&quot;jobDescription&quot;:&quot;To develop andriod application&quot;,&quot;experience&quot;:[&quot;Google&quot;,&quot;Apple&quot;,&quot;Mobile Iron&quot;]},{&quot;jobId&quot;:8,&quot;jobTitle&quot;:&quot;Software Engg -2&quot;,&quot;project&quot;:[{&quot;technology&quot;:[&quot;Kotlin&quot;,&quot;SQL Lite&quot;,&quot;Gradle&quot;,&quot;Pega&quot;],&quot;projectName&quot;:&quot;Movie App&quot;}],&quot;jobDescription&quot;:&quot;To develop andriod application&quot;,&quot;experience&quot;:[&quot;Google&quot;,&quot;Apple&quot;,&quot;Mobile Iron&quot;]},{&quot;jobId&quot;:297,&quot;jobTitle&quot;:&quot;Software Engg -2&quot;,&quot;project&quot;:[{&quot;technology&quot;:[&quot;Kotlin&quot;,&quot;SQL Lite&quot;,&quot;Gradle&quot;,&quot;Pega&quot;],&quot;projectName&quot;:&quot;Movie App&quot;}],&quot;jobDescription&quot;:&quot;To develop andriod application&quot;,&quot;experience&quot;:[&quot;Google&quot;,&quot;Apple&quot;,&quot;Mobile Iron&quot;]},{&quot;jobId&quot;:9,&quot;jobTitle&quot;:&quot;Software Engg -5&quot;,&quot;project&quot;:[{&quot;technology&quot;:[&quot;Kotlin&quot;,&quot;SQL Lite&quot;,&quot;Gradle&quot;,&quot;Pega&quot;],&quot;projectName&quot;:&quot;Movie App&quot;},{&quot;technology&quot;:[&quot;Node Js&quot;,&quot;Html&quot;,&quot;Css&quot;,&quot;MongoDb&quot;],&quot;projectName&quot;:&quot;Web App&quot;}],&quot;jobDescription&quot;:&quot;To develop andriod application and web application&quot;,&quot;experience&quot;:[&quot;Google&quot;,&quot;Apple&quot;,&quot;Mobile Iron&quot;]},{&quot;jobId&quot;:400,&quot;jobTitle&quot;:&quot;Software Engg -2&quot;,&quot;project&quot;:[{&quot;technology&quot;:[&quot;Kotlin&quot;,&quot;SQL Lite&quot;,&quot;Gradle&quot;,&quot;Pega&quot;],&quot;projectName&quot;:&quot;Movie App&quot;}],&quot;jobDescription&quot;:&quot;To develop andriod application&quot;,&quot;experience&quot;:[&quot;Google&quot;,&quot;Apple&quot;,&quot;Mobile Iron&quot;]},{&quot;jobId&quot;:3,&quot;jobTitle&quot;:&quot;Software Engg -5&quot;,&quot;project&quot;:[{&quot;technology&quot;:[&quot;Kotlin&quot;,&quot;SQL Lite&quot;,&quot;Gradle&quot;,&quot;Pega&quot;],&quot;projectName&quot;:&quot;Movie App&quot;},{&quot;technology&quot;:[&quot;Node Js&quot;,&quot;Html&quot;,&quot;Css&quot;,&quot;MongoDb&quot;],&quot;projectName&quot;:&quot;Web App&quot;}],&quot;jobDescription&quot;:&quot;To develop andriod application and web application&quot;,&quot;experience&quot;:[&quot;Google&quot;,&quot;Apple&quot;,&quot;Mobile Iron&quot;]}], expected: [{&quot;jobId&quot;:1,&quot;jobTitle&quot;:&quot;Software Engg&quot;,&quot;project&quot;:[{&quot;technology&quot;:[&quot;Kotlin&quot;,&quot;SQL Lite&quot;,&quot;Gradle&quot;],&quot;projectName&quot;:&quot;Movie App&quot;}],&quot;jobDescription&quot;:&quot;To develop andriod application&quot;,&quot;experience&quot;:[&quot;Google&quot;,&quot;Apple&quot;,&quot;Mobile Iron&quot;]}], reason: actual and expected arrays are not the same size - 33:1">Given url 'http://localhost:9191/' ........................................ passed
And print '====== base url ======' ........................................ passed
Given path "normal/webapi/all" ............................................ passed
And header Accept = "application/json" .................................... passed
When method get ........................................................... passed
Then status 200 ........................................................... passed
And print response ........................................................ passed
And match response == ..................................................... failed

Stack Trace:
com.intuit.karate.exception.KarateException: validateJsonResponse.feature:13 - path: $, actual: [{"jobId":1,"jobTitle":"Software Engg","project":[{"technology":["Kotlin","SQL Lite","Gradle"],"projectName":"Movie App"}],"jobDescription":"To develop andriod application","experience":["Google","Apple","Mobile Iron"]},{"jobId":297,"jobTitle":"Software Engg -2","project":[{"technology":["Kotlin","SQL Lite","Gradle","Pega"],"projectName":"Movie App"}],"jobDescription":"To develop andriod application","experience":["Google","Apple","Mobile Iron"]},{"jobId":400,"jobTitle":"Software Engg -2","project":[{"technology":["Kotlin","SQL Lite","Gradle","Pega"],"projectName":"Movie App"}],"jobDescription":"To develop andriod application","experience":["Google","Apple","Mobile Iron"]},{"jobId":6,"jobTitle":"Software Engg -2","project":[{"technology":["Kotlin","SQL Lite","Gradle","Pega"],"projectName":"Movie App"}],"jobDescription":"To develop andriod application","experience":["Google","Apple","Mobile Iron"]},{"jobId":5,"jobTitle":"Software Engg -3","project":[{"technology":["Kotlin","SQL Lite","Gradle","Pega"],"projectName":"Movie App"},{"technology":["Node Js","Html","Css","MongoDb"],"projectName":"Web App"}],"jobDescription":"To develop andriod application and web application","experience":["Google","Apple","Mobile Iron"]},{"jobId":6,"jobTitle":"Software Engg -2","project":[{"technology":["Kotlin","SQL Lite","Gradle","Pega"],"projectName":"Movie App"}],"jobDescription":"To develop andriod application","experience":["Google","Apple","Mobile Iron"]},{"jobId":400,"jobTitle":"Software Engg -2","project":[{"technology":["Kotlin","SQL Lite","Gradle","Pega"],"projectName":"Movie App"}],"jobDescription":"To develop andriod application","experience":["Google","Apple","Mobile Iron"]},{"jobId":297,"jobTitle":"Software Engg -2","project":[{"technology":["Kotlin","SQL Lite","Gradle","Pega"],"projectName":"Movie App"}],"jobDescription":"To develop andriod application","experience":["Google","Apple","Mobile Iron"]},{"jobId":297,"jobTitle":"Software Engg -2","project":[{"technology":["Kotlin","SQL Lite","Gradle","Pega"],"projectName":"Movie App"}],"jobDescription":"To develop andriod application","experience":["Google","Apple","Mobile Iron"]},{"jobId":400,"jobTitle":"Software Engg -2","project":[{"technology":["Kotlin","SQL Lite","Gradle","Pega"],"projectName":"Movie App"}],"jobDescription":"To develop andriod application","experience":["Google","Apple","Mobile Iron"]},{"jobId":400,"jobTitle":"Software Engg -2","project":[{"technology":["Kotlin","SQL Lite","Gradle","Pega"],"projectName":"Movie App"}],"jobDescription":"To develop andriod application","experience":["Google","Apple","Mobile Iron"]},{"jobId":297,"jobTitle":"Software Engg -2","project":[{"technology":["Kotlin","SQL Lite","Gradle","Pega"],"projectName":"Movie App"}],"jobDescription":"To develop andriod application","experience":["Google","Apple","Mobile Iron"]},{"jobId":2,"jobTitle":"Software Engg -5","project":[{"technology":["Kotlin","SQL Lite","Gradle","Pega"],"projectName":"Movie App"},{"technology":["Node Js","Html","Css","MongoDb"],"projectName":"Web App"}],"jobDescription":"To develop andriod application and web application","experience":["Google","Apple","Mobile Iron"]},{"jobId":400,"jobTitle":"Software Engg -2","project":[{"technology":["Kotlin","SQL Lite","Gradle","Pega"],"projectName":"Movie App"}],"jobDescription":"To develop andriod application","experience":["Google","Apple","Mobile Iron"]},{"jobId":297,"jobTitle":"Software Engg -2","project":[{"technology":["Kotlin","SQL Lite","Gradle","Pega"],"projectName":"Movie App"}],"jobDescription":"To develop andriod application","experience":["Google","Apple","Mobile Iron"]},{"jobId":10,"jobTitle":"Software Engg -5","project":[{"technology":["Kotlin","SQL Lite","Gradle","Pega"],"projectName":"Movie App"},{"technology":["Node Js","Html","Css","MongoDb"],"projectName":"Web App"}],"jobDescription":"To develop andriod application and web application","experience":["Google","Apple","Mobile Iron"]},{"jobId":10,"jobTitle":"Software Engg -2","project":[{"technology":["Kotlin","SQL Lite","Gradle","Pega"],"projectName":"Movie App"}],"jobDescription":"To develop andriod application","experience":["Google","Apple","Mobile Iron"]},{"jobId":297,"jobTitle":"Software Engg -2","project":[{"technology":["Kotlin","SQL Lite","Gradle","Pega"],"projectName":"Movie App"}],"jobDescription":"To develop andriod application","experience":["Google","Apple","Mobile Iron"]},{"jobId":400,"jobTitle":"Software Engg -2","project":[{"technology":["Kotlin","SQL Lite","Gradle","Pega"],"projectName":"Movie App"}],"jobDescription":"To develop andriod application","experience":["Google","Apple","Mobile Iron"]},{"jobId":4,"jobTitle":"Software Engg -5","project":[{"technology":["Kotlin","SQL Lite","Gradle","Pega"],"projectName":"Movie App"},{"technology":["Node Js","Html","Css","MongoDb"],"projectName":"Web App"}],"jobDescription":"To develop andriod application and web application","experience":["Google","Apple","Mobile Iron"]},{"jobId":6,"jobTitle":"Software Engg -2","project":[{"technology":["Kotlin","SQL Lite","Gradle","Pega"],"projectName":"Movie App"}],"jobDescription":"To develop andriod application","experience":["Google","Apple","Mobile Iron"]},{"jobId":297,"jobTitle":"Software Engg -2","project":[{"technology":["Kotlin","SQL Lite","Gradle","Pega"],"projectName":"Movie App"}],"jobDescription":"To develop andriod application","experience":["Google","Apple","Mobile Iron"]},{"jobId":400,"jobTitle":"Software Engg -2","project":[{"technology":["Kotlin","SQL Lite","Gradle","Pega"],"projectName":"Movie App"}],"jobDescription":"To develop andriod application","experience":["Google","Apple","Mobile Iron"]},{"jobId":8,"jobTitle":"Software Engg -5","project":[{"technology":["Kotlin","SQL Lite","Gradle","Pega"],"projectName":"Movie App"},{"technology":["Node Js","Html","Css","MongoDb"],"projectName":"Web App"}],"jobDescription":"To develop andriod application and web application","experience":["Google","Apple","Mobile Iron"]},{"jobId":297,"jobTitle":"Software Engg -2","project":[{"technology":["Kotlin","SQL Lite","Gradle","Pega"],"projectName":"Movie App"}],"jobDescription":"To develop andriod application","experience":["Google","Apple","Mobile Iron"]},{"jobId":2,"jobTitle":"Software Engg -2","project":[{"technology":["Kotlin","SQL Lite","Gradle","Pega"],"projectName":"Movie App"}],"jobDescription":"To develop andriod application","experience":["Google","Apple","Mobile Iron"]},{"jobId":7,"jobTitle":"Software Engg -5","project":[{"technology":["Kotlin","SQL Lite","Gradle","Pega"],"projectName":"Movie App"},{"technology":["Node Js","Html","Css","MongoDb"],"projectName":"Web App"}],"jobDescription":"To develop andriod application and web application","experience":["Google","Apple","Mobile Iron"]},{"jobId":400,"jobTitle":"Software Engg -2","project":[{"technology":["Kotlin","SQL Lite","Gradle","Pega"],"projectName":"Movie App"}],"jobDescription":"To develop andriod application","experience":["Google","Apple","Mobile Iron"]},{"jobId":8,"jobTitle":"Software Engg -2","project":[{"technology":["Kotlin","SQL Lite","Gradle","Pega"],"projectName":"Movie App"}],"jobDescription":"To develop andriod application","experience":["Google","Apple","Mobile Iron"]},{"jobId":297,"jobTitle":"Software Engg -2","project":[{"technology":["Kotlin","SQL Lite","Gradle","Pega"],"projectName":"Movie App"}],"jobDescription":"To develop andriod application","experience":["Google","Apple","Mobile Iron"]},{"jobId":9,"jobTitle":"Software Engg -5","project":[{"technology":["Kotlin","SQL Lite","Gradle","Pega"],"projectName":"Movie App"},{"technology":["Node Js","Html","Css","MongoDb"],"projectName":"Web App"}],"jobDescription":"To develop andriod application and web application","experience":["Google","Apple","Mobile Iron"]},{"jobId":400,"jobTitle":"Software Engg -2","project":[{"technology":["Kotlin","SQL Lite","Gradle","Pega"],"projectName":"Movie App"}],"jobDescription":"To develop andriod application","experience":["Google","Apple","Mobile Iron"]},{"jobId":3,"jobTitle":"Software Engg -5","project":[{"technology":["Kotlin","SQL Lite","Gradle","Pega"],"projectName":"Movie App"},{"technology":["Node Js","Html","Css","MongoDb"],"projectName":"Web App"}],"jobDescription":"To develop andriod application and web application","experience":["Google","Apple","Mobile Iron"]}], expected: [{"jobId":1,"jobTitle":"Software Engg","project":[{"technology":["Kotlin","SQL Lite","Gradle"],"projectName":"Movie App"}],"jobDescription":"To develop andriod application","experience":["Google","Apple","Mobile Iron"]}], reason: actual and expected arrays are not the same size - 33:1
	at ✽.And match response == (validateJsonResponse.feature:13)</failure>
  </testcase>
  <testcase classname="com.api.automation.validateJsonResponse" name="To validate key/value pairs present in the response body in json format" time="0.031572">
    <system-out>Given url 'http://localhost:9191/' ........................................ passed
And print '====== base url ======' ........................................ passed
Given path "normal/webapi/all" ............................................ passed
And header Accept = "application/json" .................................... passed
When method get ........................................................... passed
Then status 200 ........................................................... passed
And print response ........................................................ passed
And match response == ..................................................... failed

Stack Trace:
com.intuit.karate.exception.KarateException: validateJsonResponse.feature:13 - path: $, actual: [{"jobId":1,"jobTitle":"Software Engg","project":[{"technology":["Kotlin","SQL Lite","Gradle"],"projectName":"Movie App"}],"jobDescription":"To develop andriod application","experience":["Google","Apple","Mobile Iron"]},{"jobId":297,"jobTitle":"Software Engg -2","project":[{"technology":["Kotlin","SQL Lite","Gradle","Pega"],"projectName":"Movie App"}],"jobDescription":"To develop andriod application","experience":["Google","Apple","Mobile Iron"]},{"jobId":400,"jobTitle":"Software Engg -2","project":[{"technology":["Kotlin","SQL Lite","Gradle","Pega"],"projectName":"Movie App"}],"jobDescription":"To develop andriod application","experience":["Google","Apple","Mobile Iron"]},{"jobId":6,"jobTitle":"Software Engg -2","project":[{"technology":["Kotlin","SQL Lite","Gradle","Pega"],"projectName":"Movie App"}],"jobDescription":"To develop andriod application","experience":["Google","Apple","Mobile Iron"]},{"jobId":5,"jobTitle":"Software Engg -3","project":[{"technology":["Kotlin","SQL Lite","Gradle","Pega"],"projectName":"Movie App"},{"technology":["Node Js","Html","Css","MongoDb"],"projectName":"Web App"}],"jobDescription":"To develop andriod application and web application","experience":["Google","Apple","Mobile Iron"]},{"jobId":6,"jobTitle":"Software Engg -2","project":[{"technology":["Kotlin","SQL Lite","Gradle","Pega"],"projectName":"Movie App"}],"jobDescription":"To develop andriod application","experience":["Google","Apple","Mobile Iron"]},{"jobId":400,"jobTitle":"Software Engg -2","project":[{"technology":["Kotlin","SQL Lite","Gradle","Pega"],"projectName":"Movie App"}],"jobDescription":"To develop andriod application","experience":["Google","Apple","Mobile Iron"]},{"jobId":297,"jobTitle":"Software Engg -2","project":[{"technology":["Kotlin","SQL Lite","Gradle","Pega"],"projectName":"Movie App"}],"jobDescription":"To develop andriod application","experience":["Google","Apple","Mobile Iron"]},{"jobId":297,"jobTitle":"Software Engg -2","project":[{"technology":["Kotlin","SQL Lite","Gradle","Pega"],"projectName":"Movie App"}],"jobDescription":"To develop andriod application","experience":["Google","Apple","Mobile Iron"]},{"jobId":400,"jobTitle":"Software Engg -2","project":[{"technology":["Kotlin","SQL Lite","Gradle","Pega"],"projectName":"Movie App"}],"jobDescription":"To develop andriod application","experience":["Google","Apple","Mobile Iron"]},{"jobId":400,"jobTitle":"Software Engg -2","project":[{"technology":["Kotlin","SQL Lite","Gradle","Pega"],"projectName":"Movie App"}],"jobDescription":"To develop andriod application","experience":["Google","Apple","Mobile Iron"]},{"jobId":297,"jobTitle":"Software Engg -2","project":[{"technology":["Kotlin","SQL Lite","Gradle","Pega"],"projectName":"Movie App"}],"jobDescription":"To develop andriod application","experience":["Google","Apple","Mobile Iron"]},{"jobId":2,"jobTitle":"Software Engg -5","project":[{"technology":["Kotlin","SQL Lite","Gradle","Pega"],"projectName":"Movie App"},{"technology":["Node Js","Html","Css","MongoDb"],"projectName":"Web App"}],"jobDescription":"To develop andriod application and web application","experience":["Google","Apple","Mobile Iron"]},{"jobId":400,"jobTitle":"Software Engg -2","project":[{"technology":["Kotlin","SQL Lite","Gradle","Pega"],"projectName":"Movie App"}],"jobDescription":"To develop andriod application","experience":["Google","Apple","Mobile Iron"]},{"jobId":297,"jobTitle":"Software Engg -2","project":[{"technology":["Kotlin","SQL Lite","Gradle","Pega"],"projectName":"Movie App"}],"jobDescription":"To develop andriod application","experience":["Google","Apple","Mobile Iron"]},{"jobId":10,"jobTitle":"Software Engg -5","project":[{"technology":["Kotlin","SQL Lite","Gradle","Pega"],"projectName":"Movie App"},{"technology":["Node Js","Html","Css","MongoDb"],"projectName":"Web App"}],"jobDescription":"To develop andriod application and web application","experience":["Google","Apple","Mobile Iron"]},{"jobId":10,"jobTitle":"Software Engg -2","project":[{"technology":["Kotlin","SQL Lite","Gradle","Pega"],"projectName":"Movie App"}],"jobDescription":"To develop andriod application","experience":["Google","Apple","Mobile Iron"]},{"jobId":297,"jobTitle":"Software Engg -2","project":[{"technology":["Kotlin","SQL Lite","Gradle","Pega"],"projectName":"Movie App"}],"jobDescription":"To develop andriod application","experience":["Google","Apple","Mobile Iron"]},{"jobId":400,"jobTitle":"Software Engg -2","project":[{"technology":["Kotlin","SQL Lite","Gradle","Pega"],"projectName":"Movie App"}],"jobDescription":"To develop andriod application","experience":["Google","Apple","Mobile Iron"]},{"jobId":4,"jobTitle":"Software Engg -5","project":[{"technology":["Kotlin","SQL Lite","Gradle","Pega"],"projectName":"Movie App"},{"technology":["Node Js","Html","Css","MongoDb"],"projectName":"Web App"}],"jobDescription":"To develop andriod application and web application","experience":["Google","Apple","Mobile Iron"]},{"jobId":6,"jobTitle":"Software Engg -2","project":[{"technology":["Kotlin","SQL Lite","Gradle","Pega"],"projectName":"Movie App"}],"jobDescription":"To develop andriod application","experience":["Google","Apple","Mobile Iron"]},{"jobId":297,"jobTitle":"Software Engg -2","project":[{"technology":["Kotlin","SQL Lite","Gradle","Pega"],"projectName":"Movie App"}],"jobDescription":"To develop andriod application","experience":["Google","Apple","Mobile Iron"]},{"jobId":400,"jobTitle":"Software Engg -2","project":[{"technology":["Kotlin","SQL Lite","Gradle","Pega"],"projectName":"Movie App"}],"jobDescription":"To develop andriod application","experience":["Google","Apple","Mobile Iron"]},{"jobId":8,"jobTitle":"Software Engg -5","project":[{"technology":["Kotlin","SQL Lite","Gradle","Pega"],"projectName":"Movie App"},{"technology":["Node Js","Html","Css","MongoDb"],"projectName":"Web App"}],"jobDescription":"To develop andriod application and web application","experience":["Google","Apple","Mobile Iron"]},{"jobId":297,"jobTitle":"Software Engg -2","project":[{"technology":["Kotlin","SQL Lite","Gradle","Pega"],"projectName":"Movie App"}],"jobDescription":"To develop andriod application","experience":["Google","Apple","Mobile Iron"]},{"jobId":2,"jobTitle":"Software Engg -2","project":[{"technology":["Kotlin","SQL Lite","Gradle","Pega"],"projectName":"Movie App"}],"jobDescription":"To develop andriod application","experience":["Google","Apple","Mobile Iron"]},{"jobId":7,"jobTitle":"Software Engg -5","project":[{"technology":["Kotlin","SQL Lite","Gradle","Pega"],"projectName":"Movie App"},{"technology":["Node Js","Html","Css","MongoDb"],"projectName":"Web App"}],"jobDescription":"To develop andriod application and web application","experience":["Google","Apple","Mobile Iron"]},{"jobId":400,"jobTitle":"Software Engg -2","project":[{"technology":["Kotlin","SQL Lite","Gradle","Pega"],"projectName":"Movie App"}],"jobDescription":"To develop andriod application","experience":["Google","Apple","Mobile Iron"]},{"jobId":8,"jobTitle":"Software Engg -2","project":[{"technology":["Kotlin","SQL Lite","Gradle","Pega"],"projectName":"Movie App"}],"jobDescription":"To develop andriod application","experience":["Google","Apple","Mobile Iron"]},{"jobId":297,"jobTitle":"Software Engg -2","project":[{"technology":["Kotlin","SQL Lite","Gradle","Pega"],"projectName":"Movie App"}],"jobDescription":"To develop andriod application","experience":["Google","Apple","Mobile Iron"]},{"jobId":9,"jobTitle":"Software Engg -5","project":[{"technology":["Kotlin","SQL Lite","Gradle","Pega"],"projectName":"Movie App"},{"technology":["Node Js","Html","Css","MongoDb"],"projectName":"Web App"}],"jobDescription":"To develop andriod application and web application","experience":["Google","Apple","Mobile Iron"]},{"jobId":400,"jobTitle":"Software Engg -2","project":[{"technology":["Kotlin","SQL Lite","Gradle","Pega"],"projectName":"Movie App"}],"jobDescription":"To develop andriod application","experience":["Google","Apple","Mobile Iron"]},{"jobId":3,"jobTitle":"Software Engg -5","project":[{"technology":["Kotlin","SQL Lite","Gradle","Pega"],"projectName":"Movie App"},{"technology":["Node Js","Html","Css","MongoDb"],"projectName":"Web App"}],"jobDescription":"To develop andriod application and web application","experience":["Google","Apple","Mobile Iron"]}], expected: [{"jobId":1,"jobTitle":"Software Engg","project":[{"technology":["Kotlin","SQL Lite","Gradle"],"projectName":"Movie App"}],"jobDescription":"To develop andriod application","experience":["Google","Apple","Mobile Iron"]}], reason: actual and expected arrays are not the same size - 33:1
	at ✽.And match response == (validateJsonResponse.feature:13)

Given url 'http://localhost:9191/' ........................................ passed
And print '====== base url ======' ........................................ passed
Given path "normal/webapi/all" ............................................ passed
And header Accept = "application/json" .................................... passed
When method get ........................................................... passed
Then status 200 ........................................................... passed
And print response ........................................................ passed
And match response.[0].jobId  == 1 ........................................ passed
And match response.[0].project[0].projectName == 'Movie App' .............. passed
And match response.[0].project[0].technology[1] == 'SQL Lite' ............. passed
And match response.[0].experience[0] == 'Google' .......................... passed</system-out>
  </testcase>
  <testcase classname="com.api.automation.validateJsonResponse" name="To validate subset of json object present in the response body in json format" time="0.022943">
    <system-out>Given url 'http://localhost:9191/' ........................................ passed
And print '====== base url ======' ........................................ passed
Given path "normal/webapi/all" ............................................ passed
And header Accept = "application/json" .................................... passed
When method get ........................................................... passed
Then status 200 ........................................................... passed
And print response ........................................................ passed
And match response == ..................................................... failed

Stack Trace:
com.intuit.karate.exception.KarateException: validateJsonResponse.feature:13 - path: $, actual: [{"jobId":1,"jobTitle":"Software Engg","project":[{"technology":["Kotlin","SQL Lite","Gradle"],"projectName":"Movie App"}],"jobDescription":"To develop andriod application","experience":["Google","Apple","Mobile Iron"]},{"jobId":297,"jobTitle":"Software Engg -2","project":[{"technology":["Kotlin","SQL Lite","Gradle","Pega"],"projectName":"Movie App"}],"jobDescription":"To develop andriod application","experience":["Google","Apple","Mobile Iron"]},{"jobId":400,"jobTitle":"Software Engg -2","project":[{"technology":["Kotlin","SQL Lite","Gradle","Pega"],"projectName":"Movie App"}],"jobDescription":"To develop andriod application","experience":["Google","Apple","Mobile Iron"]},{"jobId":6,"jobTitle":"Software Engg -2","project":[{"technology":["Kotlin","SQL Lite","Gradle","Pega"],"projectName":"Movie App"}],"jobDescription":"To develop andriod application","experience":["Google","Apple","Mobile Iron"]},{"jobId":5,"jobTitle":"Software Engg -3","project":[{"technology":["Kotlin","SQL Lite","Gradle","Pega"],"projectName":"Movie App"},{"technology":["Node Js","Html","Css","MongoDb"],"projectName":"Web App"}],"jobDescription":"To develop andriod application and web application","experience":["Google","Apple","Mobile Iron"]},{"jobId":6,"jobTitle":"Software Engg -2","project":[{"technology":["Kotlin","SQL Lite","Gradle","Pega"],"projectName":"Movie App"}],"jobDescription":"To develop andriod application","experience":["Google","Apple","Mobile Iron"]},{"jobId":400,"jobTitle":"Software Engg -2","project":[{"technology":["Kotlin","SQL Lite","Gradle","Pega"],"projectName":"Movie App"}],"jobDescription":"To develop andriod application","experience":["Google","Apple","Mobile Iron"]},{"jobId":297,"jobTitle":"Software Engg -2","project":[{"technology":["Kotlin","SQL Lite","Gradle","Pega"],"projectName":"Movie App"}],"jobDescription":"To develop andriod application","experience":["Google","Apple","Mobile Iron"]},{"jobId":297,"jobTitle":"Software Engg -2","project":[{"technology":["Kotlin","SQL Lite","Gradle","Pega"],"projectName":"Movie App"}],"jobDescription":"To develop andriod application","experience":["Google","Apple","Mobile Iron"]},{"jobId":400,"jobTitle":"Software Engg -2","project":[{"technology":["Kotlin","SQL Lite","Gradle","Pega"],"projectName":"Movie App"}],"jobDescription":"To develop andriod application","experience":["Google","Apple","Mobile Iron"]},{"jobId":400,"jobTitle":"Software Engg -2","project":[{"technology":["Kotlin","SQL Lite","Gradle","Pega"],"projectName":"Movie App"}],"jobDescription":"To develop andriod application","experience":["Google","Apple","Mobile Iron"]},{"jobId":297,"jobTitle":"Software Engg -2","project":[{"technology":["Kotlin","SQL Lite","Gradle","Pega"],"projectName":"Movie App"}],"jobDescription":"To develop andriod application","experience":["Google","Apple","Mobile Iron"]},{"jobId":2,"jobTitle":"Software Engg -5","project":[{"technology":["Kotlin","SQL Lite","Gradle","Pega"],"projectName":"Movie App"},{"technology":["Node Js","Html","Css","MongoDb"],"projectName":"Web App"}],"jobDescription":"To develop andriod application and web application","experience":["Google","Apple","Mobile Iron"]},{"jobId":400,"jobTitle":"Software Engg -2","project":[{"technology":["Kotlin","SQL Lite","Gradle","Pega"],"projectName":"Movie App"}],"jobDescription":"To develop andriod application","experience":["Google","Apple","Mobile Iron"]},{"jobId":297,"jobTitle":"Software Engg -2","project":[{"technology":["Kotlin","SQL Lite","Gradle","Pega"],"projectName":"Movie App"}],"jobDescription":"To develop andriod application","experience":["Google","Apple","Mobile Iron"]},{"jobId":10,"jobTitle":"Software Engg -5","project":[{"technology":["Kotlin","SQL Lite","Gradle","Pega"],"projectName":"Movie App"},{"technology":["Node Js","Html","Css","MongoDb"],"projectName":"Web App"}],"jobDescription":"To develop andriod application and web application","experience":["Google","Apple","Mobile Iron"]},{"jobId":10,"jobTitle":"Software Engg -2","project":[{"technology":["Kotlin","SQL Lite","Gradle","Pega"],"projectName":"Movie App"}],"jobDescription":"To develop andriod application","experience":["Google","Apple","Mobile Iron"]},{"jobId":297,"jobTitle":"Software Engg -2","project":[{"technology":["Kotlin","SQL Lite","Gradle","Pega"],"projectName":"Movie App"}],"jobDescription":"To develop andriod application","experience":["Google","Apple","Mobile Iron"]},{"jobId":400,"jobTitle":"Software Engg -2","project":[{"technology":["Kotlin","SQL Lite","Gradle","Pega"],"projectName":"Movie App"}],"jobDescription":"To develop andriod application","experience":["Google","Apple","Mobile Iron"]},{"jobId":4,"jobTitle":"Software Engg -5","project":[{"technology":["Kotlin","SQL Lite","Gradle","Pega"],"projectName":"Movie App"},{"technology":["Node Js","Html","Css","MongoDb"],"projectName":"Web App"}],"jobDescription":"To develop andriod application and web application","experience":["Google","Apple","Mobile Iron"]},{"jobId":6,"jobTitle":"Software Engg -2","project":[{"technology":["Kotlin","SQL Lite","Gradle","Pega"],"projectName":"Movie App"}],"jobDescription":"To develop andriod application","experience":["Google","Apple","Mobile Iron"]},{"jobId":297,"jobTitle":"Software Engg -2","project":[{"technology":["Kotlin","SQL Lite","Gradle","Pega"],"projectName":"Movie App"}],"jobDescription":"To develop andriod application","experience":["Google","Apple","Mobile Iron"]},{"jobId":400,"jobTitle":"Software Engg -2","project":[{"technology":["Kotlin","SQL Lite","Gradle","Pega"],"projectName":"Movie App"}],"jobDescription":"To develop andriod application","experience":["Google","Apple","Mobile Iron"]},{"jobId":8,"jobTitle":"Software Engg -5","project":[{"technology":["Kotlin","SQL Lite","Gradle","Pega"],"projectName":"Movie App"},{"technology":["Node Js","Html","Css","MongoDb"],"projectName":"Web App"}],"jobDescription":"To develop andriod application and web application","experience":["Google","Apple","Mobile Iron"]},{"jobId":297,"jobTitle":"Software Engg -2","project":[{"technology":["Kotlin","SQL Lite","Gradle","Pega"],"projectName":"Movie App"}],"jobDescription":"To develop andriod application","experience":["Google","Apple","Mobile Iron"]},{"jobId":2,"jobTitle":"Software Engg -2","project":[{"technology":["Kotlin","SQL Lite","Gradle","Pega"],"projectName":"Movie App"}],"jobDescription":"To develop andriod application","experience":["Google","Apple","Mobile Iron"]},{"jobId":7,"jobTitle":"Software Engg -5","project":[{"technology":["Kotlin","SQL Lite","Gradle","Pega"],"projectName":"Movie App"},{"technology":["Node Js","Html","Css","MongoDb"],"projectName":"Web App"}],"jobDescription":"To develop andriod application and web application","experience":["Google","Apple","Mobile Iron"]},{"jobId":400,"jobTitle":"Software Engg -2","project":[{"technology":["Kotlin","SQL Lite","Gradle","Pega"],"projectName":"Movie App"}],"jobDescription":"To develop andriod application","experience":["Google","Apple","Mobile Iron"]},{"jobId":8,"jobTitle":"Software Engg -2","project":[{"technology":["Kotlin","SQL Lite","Gradle","Pega"],"projectName":"Movie App"}],"jobDescription":"To develop andriod application","experience":["Google","Apple","Mobile Iron"]},{"jobId":297,"jobTitle":"Software Engg -2","project":[{"technology":["Kotlin","SQL Lite","Gradle","Pega"],"projectName":"Movie App"}],"jobDescription":"To develop andriod application","experience":["Google","Apple","Mobile Iron"]},{"jobId":9,"jobTitle":"Software Engg -5","project":[{"technology":["Kotlin","SQL Lite","Gradle","Pega"],"projectName":"Movie App"},{"technology":["Node Js","Html","Css","MongoDb"],"projectName":"Web App"}],"jobDescription":"To develop andriod application and web application","experience":["Google","Apple","Mobile Iron"]},{"jobId":400,"jobTitle":"Software Engg -2","project":[{"technology":["Kotlin","SQL Lite","Gradle","Pega"],"projectName":"Movie App"}],"jobDescription":"To develop andriod application","experience":["Google","Apple","Mobile Iron"]},{"jobId":3,"jobTitle":"Software Engg -5","project":[{"technology":["Kotlin","SQL Lite","Gradle","Pega"],"projectName":"Movie App"},{"technology":["Node Js","Html","Css","MongoDb"],"projectName":"Web App"}],"jobDescription":"To develop andriod application and web application","experience":["Google","Apple","Mobile Iron"]}], expected: [{"jobId":1,"jobTitle":"Software Engg","project":[{"technology":["Kotlin","SQL Lite","Gradle"],"projectName":"Movie App"}],"jobDescription":"To develop andriod application","experience":["Google","Apple","Mobile Iron"]}], reason: actual and expected arrays are not the same size - 33:1
	at ✽.And match response == (validateJsonResponse.feature:13)

Given url 'http://localhost:9191/' ........................................ passed
And print '====== base url ======' ........................................ passed
Given path "normal/webapi/all" ............................................ passed
And header Accept = "application/json" .................................... passed
When method get ........................................................... passed
Then status 200 ........................................................... passed
And print response ........................................................ passed
And match response.[0].jobId  == 1 ........................................ passed
And match response.[0].project[0].projectName == 'Movie App' .............. passed
And match response.[0].project[0].technology[1] == 'SQL Lite' ............. passed
And match response.[0].experience[0] == 'Google' .......................... passed
Given url 'http://localhost:9191/' ........................................ passed
And print '====== base url ======' ........................................ passed
Given path "normal/webapi/all" ............................................ passed
And header Accept = "application/json" .................................... passed
When method get ........................................................... passed
Then status 200 ........................................................... passed
And print response ........................................................ passed
And match response.[0].jobId  == 1 ........................................ passed
And match response.[0].project[0].projectName == 'Movie App' .............. passed
And match response contains deep {"jobDescription": "To develop andriod application"} . passed</system-out>
  </testcase>
  <testcase classname="com.api.automation.validateJsonResponse" name="To validate subset of json object present in the response body in json format using wild card" time="0.019534">
    <system-out>Given url 'http://localhost:9191/' ........................................ passed
And print '====== base url ======' ........................................ passed
Given path "normal/webapi/all" ............................................ passed
And header Accept = "application/json" .................................... passed
When method get ........................................................... passed
Then status 200 ........................................................... passed
And print response ........................................................ passed
And match response == ..................................................... failed

Stack Trace:
com.intuit.karate.exception.KarateException: validateJsonResponse.feature:13 - path: $, actual: [{"jobId":1,"jobTitle":"Software Engg","project":[{"technology":["Kotlin","SQL Lite","Gradle"],"projectName":"Movie App"}],"jobDescription":"To develop andriod application","experience":["Google","Apple","Mobile Iron"]},{"jobId":297,"jobTitle":"Software Engg -2","project":[{"technology":["Kotlin","SQL Lite","Gradle","Pega"],"projectName":"Movie App"}],"jobDescription":"To develop andriod application","experience":["Google","Apple","Mobile Iron"]},{"jobId":400,"jobTitle":"Software Engg -2","project":[{"technology":["Kotlin","SQL Lite","Gradle","Pega"],"projectName":"Movie App"}],"jobDescription":"To develop andriod application","experience":["Google","Apple","Mobile Iron"]},{"jobId":6,"jobTitle":"Software Engg -2","project":[{"technology":["Kotlin","SQL Lite","Gradle","Pega"],"projectName":"Movie App"}],"jobDescription":"To develop andriod application","experience":["Google","Apple","Mobile Iron"]},{"jobId":5,"jobTitle":"Software Engg -3","project":[{"technology":["Kotlin","SQL Lite","Gradle","Pega"],"projectName":"Movie App"},{"technology":["Node Js","Html","Css","MongoDb"],"projectName":"Web App"}],"jobDescription":"To develop andriod application and web application","experience":["Google","Apple","Mobile Iron"]},{"jobId":6,"jobTitle":"Software Engg -2","project":[{"technology":["Kotlin","SQL Lite","Gradle","Pega"],"projectName":"Movie App"}],"jobDescription":"To develop andriod application","experience":["Google","Apple","Mobile Iron"]},{"jobId":400,"jobTitle":"Software Engg -2","project":[{"technology":["Kotlin","SQL Lite","Gradle","Pega"],"projectName":"Movie App"}],"jobDescription":"To develop andriod application","experience":["Google","Apple","Mobile Iron"]},{"jobId":297,"jobTitle":"Software Engg -2","project":[{"technology":["Kotlin","SQL Lite","Gradle","Pega"],"projectName":"Movie App"}],"jobDescription":"To develop andriod application","experience":["Google","Apple","Mobile Iron"]},{"jobId":297,"jobTitle":"Software Engg -2","project":[{"technology":["Kotlin","SQL Lite","Gradle","Pega"],"projectName":"Movie App"}],"jobDescription":"To develop andriod application","experience":["Google","Apple","Mobile Iron"]},{"jobId":400,"jobTitle":"Software Engg -2","project":[{"technology":["Kotlin","SQL Lite","Gradle","Pega"],"projectName":"Movie App"}],"jobDescription":"To develop andriod application","experience":["Google","Apple","Mobile Iron"]},{"jobId":400,"jobTitle":"Software Engg -2","project":[{"technology":["Kotlin","SQL Lite","Gradle","Pega"],"projectName":"Movie App"}],"jobDescription":"To develop andriod application","experience":["Google","Apple","Mobile Iron"]},{"jobId":297,"jobTitle":"Software Engg -2","project":[{"technology":["Kotlin","SQL Lite","Gradle","Pega"],"projectName":"Movie App"}],"jobDescription":"To develop andriod application","experience":["Google","Apple","Mobile Iron"]},{"jobId":2,"jobTitle":"Software Engg -5","project":[{"technology":["Kotlin","SQL Lite","Gradle","Pega"],"projectName":"Movie App"},{"technology":["Node Js","Html","Css","MongoDb"],"projectName":"Web App"}],"jobDescription":"To develop andriod application and web application","experience":["Google","Apple","Mobile Iron"]},{"jobId":400,"jobTitle":"Software Engg -2","project":[{"technology":["Kotlin","SQL Lite","Gradle","Pega"],"projectName":"Movie App"}],"jobDescription":"To develop andriod application","experience":["Google","Apple","Mobile Iron"]},{"jobId":297,"jobTitle":"Software Engg -2","project":[{"technology":["Kotlin","SQL Lite","Gradle","Pega"],"projectName":"Movie App"}],"jobDescription":"To develop andriod application","experience":["Google","Apple","Mobile Iron"]},{"jobId":10,"jobTitle":"Software Engg -5","project":[{"technology":["Kotlin","SQL Lite","Gradle","Pega"],"projectName":"Movie App"},{"technology":["Node Js","Html","Css","MongoDb"],"projectName":"Web App"}],"jobDescription":"To develop andriod application and web application","experience":["Google","Apple","Mobile Iron"]},{"jobId":10,"jobTitle":"Software Engg -2","project":[{"technology":["Kotlin","SQL Lite","Gradle","Pega"],"projectName":"Movie App"}],"jobDescription":"To develop andriod application","experience":["Google","Apple","Mobile Iron"]},{"jobId":297,"jobTitle":"Software Engg -2","project":[{"technology":["Kotlin","SQL Lite","Gradle","Pega"],"projectName":"Movie App"}],"jobDescription":"To develop andriod application","experience":["Google","Apple","Mobile Iron"]},{"jobId":400,"jobTitle":"Software Engg -2","project":[{"technology":["Kotlin","SQL Lite","Gradle","Pega"],"projectName":"Movie App"}],"jobDescription":"To develop andriod application","experience":["Google","Apple","Mobile Iron"]},{"jobId":4,"jobTitle":"Software Engg -5","project":[{"technology":["Kotlin","SQL Lite","Gradle","Pega"],"projectName":"Movie App"},{"technology":["Node Js","Html","Css","MongoDb"],"projectName":"Web App"}],"jobDescription":"To develop andriod application and web application","experience":["Google","Apple","Mobile Iron"]},{"jobId":6,"jobTitle":"Software Engg -2","project":[{"technology":["Kotlin","SQL Lite","Gradle","Pega"],"projectName":"Movie App"}],"jobDescription":"To develop andriod application","experience":["Google","Apple","Mobile Iron"]},{"jobId":297,"jobTitle":"Software Engg -2","project":[{"technology":["Kotlin","SQL Lite","Gradle","Pega"],"projectName":"Movie App"}],"jobDescription":"To develop andriod application","experience":["Google","Apple","Mobile Iron"]},{"jobId":400,"jobTitle":"Software Engg -2","project":[{"technology":["Kotlin","SQL Lite","Gradle","Pega"],"projectName":"Movie App"}],"jobDescription":"To develop andriod application","experience":["Google","Apple","Mobile Iron"]},{"jobId":8,"jobTitle":"Software Engg -5","project":[{"technology":["Kotlin","SQL Lite","Gradle","Pega"],"projectName":"Movie App"},{"technology":["Node Js","Html","Css","MongoDb"],"projectName":"Web App"}],"jobDescription":"To develop andriod application and web application","experience":["Google","Apple","Mobile Iron"]},{"jobId":297,"jobTitle":"Software Engg -2","project":[{"technology":["Kotlin","SQL Lite","Gradle","Pega"],"projectName":"Movie App"}],"jobDescription":"To develop andriod application","experience":["Google","Apple","Mobile Iron"]},{"jobId":2,"jobTitle":"Software Engg -2","project":[{"technology":["Kotlin","SQL Lite","Gradle","Pega"],"projectName":"Movie App"}],"jobDescription":"To develop andriod application","experience":["Google","Apple","Mobile Iron"]},{"jobId":7,"jobTitle":"Software Engg -5","project":[{"technology":["Kotlin","SQL Lite","Gradle","Pega"],"projectName":"Movie App"},{"technology":["Node Js","Html","Css","MongoDb"],"projectName":"Web App"}],"jobDescription":"To develop andriod application and web application","experience":["Google","Apple","Mobile Iron"]},{"jobId":400,"jobTitle":"Software Engg -2","project":[{"technology":["Kotlin","SQL Lite","Gradle","Pega"],"projectName":"Movie App"}],"jobDescription":"To develop andriod application","experience":["Google","Apple","Mobile Iron"]},{"jobId":8,"jobTitle":"Software Engg -2","project":[{"technology":["Kotlin","SQL Lite","Gradle","Pega"],"projectName":"Movie App"}],"jobDescription":"To develop andriod application","experience":["Google","Apple","Mobile Iron"]},{"jobId":297,"jobTitle":"Software Engg -2","project":[{"technology":["Kotlin","SQL Lite","Gradle","Pega"],"projectName":"Movie App"}],"jobDescription":"To develop andriod application","experience":["Google","Apple","Mobile Iron"]},{"jobId":9,"jobTitle":"Software Engg -5","project":[{"technology":["Kotlin","SQL Lite","Gradle","Pega"],"projectName":"Movie App"},{"technology":["Node Js","Html","Css","MongoDb"],"projectName":"Web App"}],"jobDescription":"To develop andriod application and web application","experience":["Google","Apple","Mobile Iron"]},{"jobId":400,"jobTitle":"Software Engg -2","project":[{"technology":["Kotlin","SQL Lite","Gradle","Pega"],"projectName":"Movie App"}],"jobDescription":"To develop andriod application","experience":["Google","Apple","Mobile Iron"]},{"jobId":3,"jobTitle":"Software Engg -5","project":[{"technology":["Kotlin","SQL Lite","Gradle","Pega"],"projectName":"Movie App"},{"technology":["Node Js","Html","Css","MongoDb"],"projectName":"Web App"}],"jobDescription":"To develop andriod application and web application","experience":["Google","Apple","Mobile Iron"]}], expected: [{"jobId":1,"jobTitle":"Software Engg","project":[{"technology":["Kotlin","SQL Lite","Gradle"],"projectName":"Movie App"}],"jobDescription":"To develop andriod application","experience":["Google","Apple","Mobile Iron"]}], reason: actual and expected arrays are not the same size - 33:1
	at ✽.And match response == (validateJsonResponse.feature:13)

Given url 'http://localhost:9191/' ........................................ passed
And print '====== base url ======' ........................................ passed
Given path "normal/webapi/all" ............................................ passed
And header Accept = "application/json" .................................... passed
When method get ........................................................... passed
Then status 200 ........................................................... passed
And print response ........................................................ passed
And match response.[0].jobId  == 1 ........................................ passed
And match response.[0].project[0].projectName == 'Movie App' .............. passed
And match response.[0].project[0].technology[1] == 'SQL Lite' ............. passed
And match response.[0].experience[0] == 'Google' .......................... passed
Given url 'http://localhost:9191/' ........................................ passed
And print '====== base url ======' ........................................ passed
Given path "normal/webapi/all" ............................................ passed
And header Accept = "application/json" .................................... passed
When method get ........................................................... passed
Then status 200 ........................................................... passed
And print response ........................................................ passed
And match response.[0].jobId  == 1 ........................................ passed
And match response.[0].project[0].projectName == 'Movie App' .............. passed
And match response contains deep {"jobDescription": "To develop andriod application"} . passed
Given url 'http://localhost:9191/' ........................................ passed
And print '====== base url ======' ........................................ passed
Given path "normal/webapi/all" ............................................ passed
And header Accept = "application/json" .................................... passed
When method get ........................................................... passed
Then status 200 ........................................................... passed
And print response ........................................................ passed
And match response.[0].jobId  == 1 ........................................ passed
And match response.[0].project[0].projectName == 'Movie App' .............. passed
And match response.[0].project[0].technology[*] contains 'SQL Lite' ....... passed
And match response contains deep {"jobDescription": "To develop andriod application"} . passed
And match response contains deep { "jobTitle": "Software Engg"} ........... passed</system-out>
  </testcase>
  <testcase classname="com.api.automation.validateJsonResponse" name="To validate subset of json object present in the response body in json format using fuzzy matchers" time="0.021815">
    <system-out>Given url 'http://localhost:9191/' ........................................ passed
And print '====== base url ======' ........................................ passed
Given path "normal/webapi/all" ............................................ passed
And header Accept = "application/json" .................................... passed
When method get ........................................................... passed
Then status 200 ........................................................... passed
And print response ........................................................ passed
And match response == ..................................................... failed

Stack Trace:
com.intuit.karate.exception.KarateException: validateJsonResponse.feature:13 - path: $, actual: [{"jobId":1,"jobTitle":"Software Engg","project":[{"technology":["Kotlin","SQL Lite","Gradle"],"projectName":"Movie App"}],"jobDescription":"To develop andriod application","experience":["Google","Apple","Mobile Iron"]},{"jobId":297,"jobTitle":"Software Engg -2","project":[{"technology":["Kotlin","SQL Lite","Gradle","Pega"],"projectName":"Movie App"}],"jobDescription":"To develop andriod application","experience":["Google","Apple","Mobile Iron"]},{"jobId":400,"jobTitle":"Software Engg -2","project":[{"technology":["Kotlin","SQL Lite","Gradle","Pega"],"projectName":"Movie App"}],"jobDescription":"To develop andriod application","experience":["Google","Apple","Mobile Iron"]},{"jobId":6,"jobTitle":"Software Engg -2","project":[{"technology":["Kotlin","SQL Lite","Gradle","Pega"],"projectName":"Movie App"}],"jobDescription":"To develop andriod application","experience":["Google","Apple","Mobile Iron"]},{"jobId":5,"jobTitle":"Software Engg -3","project":[{"technology":["Kotlin","SQL Lite","Gradle","Pega"],"projectName":"Movie App"},{"technology":["Node Js","Html","Css","MongoDb"],"projectName":"Web App"}],"jobDescription":"To develop andriod application and web application","experience":["Google","Apple","Mobile Iron"]},{"jobId":6,"jobTitle":"Software Engg -2","project":[{"technology":["Kotlin","SQL Lite","Gradle","Pega"],"projectName":"Movie App"}],"jobDescription":"To develop andriod application","experience":["Google","Apple","Mobile Iron"]},{"jobId":400,"jobTitle":"Software Engg -2","project":[{"technology":["Kotlin","SQL Lite","Gradle","Pega"],"projectName":"Movie App"}],"jobDescription":"To develop andriod application","experience":["Google","Apple","Mobile Iron"]},{"jobId":297,"jobTitle":"Software Engg -2","project":[{"technology":["Kotlin","SQL Lite","Gradle","Pega"],"projectName":"Movie App"}],"jobDescription":"To develop andriod application","experience":["Google","Apple","Mobile Iron"]},{"jobId":297,"jobTitle":"Software Engg -2","project":[{"technology":["Kotlin","SQL Lite","Gradle","Pega"],"projectName":"Movie App"}],"jobDescription":"To develop andriod application","experience":["Google","Apple","Mobile Iron"]},{"jobId":400,"jobTitle":"Software Engg -2","project":[{"technology":["Kotlin","SQL Lite","Gradle","Pega"],"projectName":"Movie App"}],"jobDescription":"To develop andriod application","experience":["Google","Apple","Mobile Iron"]},{"jobId":400,"jobTitle":"Software Engg -2","project":[{"technology":["Kotlin","SQL Lite","Gradle","Pega"],"projectName":"Movie App"}],"jobDescription":"To develop andriod application","experience":["Google","Apple","Mobile Iron"]},{"jobId":297,"jobTitle":"Software Engg -2","project":[{"technology":["Kotlin","SQL Lite","Gradle","Pega"],"projectName":"Movie App"}],"jobDescription":"To develop andriod application","experience":["Google","Apple","Mobile Iron"]},{"jobId":2,"jobTitle":"Software Engg -5","project":[{"technology":["Kotlin","SQL Lite","Gradle","Pega"],"projectName":"Movie App"},{"technology":["Node Js","Html","Css","MongoDb"],"projectName":"Web App"}],"jobDescription":"To develop andriod application and web application","experience":["Google","Apple","Mobile Iron"]},{"jobId":400,"jobTitle":"Software Engg -2","project":[{"technology":["Kotlin","SQL Lite","Gradle","Pega"],"projectName":"Movie App"}],"jobDescription":"To develop andriod application","experience":["Google","Apple","Mobile Iron"]},{"jobId":297,"jobTitle":"Software Engg -2","project":[{"technology":["Kotlin","SQL Lite","Gradle","Pega"],"projectName":"Movie App"}],"jobDescription":"To develop andriod application","experience":["Google","Apple","Mobile Iron"]},{"jobId":10,"jobTitle":"Software Engg -5","project":[{"technology":["Kotlin","SQL Lite","Gradle","Pega"],"projectName":"Movie App"},{"technology":["Node Js","Html","Css","MongoDb"],"projectName":"Web App"}],"jobDescription":"To develop andriod application and web application","experience":["Google","Apple","Mobile Iron"]},{"jobId":10,"jobTitle":"Software Engg -2","project":[{"technology":["Kotlin","SQL Lite","Gradle","Pega"],"projectName":"Movie App"}],"jobDescription":"To develop andriod application","experience":["Google","Apple","Mobile Iron"]},{"jobId":297,"jobTitle":"Software Engg -2","project":[{"technology":["Kotlin","SQL Lite","Gradle","Pega"],"projectName":"Movie App"}],"jobDescription":"To develop andriod application","experience":["Google","Apple","Mobile Iron"]},{"jobId":400,"jobTitle":"Software Engg -2","project":[{"technology":["Kotlin","SQL Lite","Gradle","Pega"],"projectName":"Movie App"}],"jobDescription":"To develop andriod application","experience":["Google","Apple","Mobile Iron"]},{"jobId":4,"jobTitle":"Software Engg -5","project":[{"technology":["Kotlin","SQL Lite","Gradle","Pega"],"projectName":"Movie App"},{"technology":["Node Js","Html","Css","MongoDb"],"projectName":"Web App"}],"jobDescription":"To develop andriod application and web application","experience":["Google","Apple","Mobile Iron"]},{"jobId":6,"jobTitle":"Software Engg -2","project":[{"technology":["Kotlin","SQL Lite","Gradle","Pega"],"projectName":"Movie App"}],"jobDescription":"To develop andriod application","experience":["Google","Apple","Mobile Iron"]},{"jobId":297,"jobTitle":"Software Engg -2","project":[{"technology":["Kotlin","SQL Lite","Gradle","Pega"],"projectName":"Movie App"}],"jobDescription":"To develop andriod application","experience":["Google","Apple","Mobile Iron"]},{"jobId":400,"jobTitle":"Software Engg -2","project":[{"technology":["Kotlin","SQL Lite","Gradle","Pega"],"projectName":"Movie App"}],"jobDescription":"To develop andriod application","experience":["Google","Apple","Mobile Iron"]},{"jobId":8,"jobTitle":"Software Engg -5","project":[{"technology":["Kotlin","SQL Lite","Gradle","Pega"],"projectName":"Movie App"},{"technology":["Node Js","Html","Css","MongoDb"],"projectName":"Web App"}],"jobDescription":"To develop andriod application and web application","experience":["Google","Apple","Mobile Iron"]},{"jobId":297,"jobTitle":"Software Engg -2","project":[{"technology":["Kotlin","SQL Lite","Gradle","Pega"],"projectName":"Movie App"}],"jobDescription":"To develop andriod application","experience":["Google","Apple","Mobile Iron"]},{"jobId":2,"jobTitle":"Software Engg -2","project":[{"technology":["Kotlin","SQL Lite","Gradle","Pega"],"projectName":"Movie App"}],"jobDescription":"To develop andriod application","experience":["Google","Apple","Mobile Iron"]},{"jobId":7,"jobTitle":"Software Engg -5","project":[{"technology":["Kotlin","SQL Lite","Gradle","Pega"],"projectName":"Movie App"},{"technology":["Node Js","Html","Css","MongoDb"],"projectName":"Web App"}],"jobDescription":"To develop andriod application and web application","experience":["Google","Apple","Mobile Iron"]},{"jobId":400,"jobTitle":"Software Engg -2","project":[{"technology":["Kotlin","SQL Lite","Gradle","Pega"],"projectName":"Movie App"}],"jobDescription":"To develop andriod application","experience":["Google","Apple","Mobile Iron"]},{"jobId":8,"jobTitle":"Software Engg -2","project":[{"technology":["Kotlin","SQL Lite","Gradle","Pega"],"projectName":"Movie App"}],"jobDescription":"To develop andriod application","experience":["Google","Apple","Mobile Iron"]},{"jobId":297,"jobTitle":"Software Engg -2","project":[{"technology":["Kotlin","SQL Lite","Gradle","Pega"],"projectName":"Movie App"}],"jobDescription":"To develop andriod application","experience":["Google","Apple","Mobile Iron"]},{"jobId":9,"jobTitle":"Software Engg -5","project":[{"technology":["Kotlin","SQL Lite","Gradle","Pega"],"projectName":"Movie App"},{"technology":["Node Js","Html","Css","MongoDb"],"projectName":"Web App"}],"jobDescription":"To develop andriod application and web application","experience":["Google","Apple","Mobile Iron"]},{"jobId":400,"jobTitle":"Software Engg -2","project":[{"technology":["Kotlin","SQL Lite","Gradle","Pega"],"projectName":"Movie App"}],"jobDescription":"To develop andriod application","experience":["Google","Apple","Mobile Iron"]},{"jobId":3,"jobTitle":"Software Engg -5","project":[{"technology":["Kotlin","SQL Lite","Gradle","Pega"],"projectName":"Movie App"},{"technology":["Node Js","Html","Css","MongoDb"],"projectName":"Web App"}],"jobDescription":"To develop andriod application and web application","experience":["Google","Apple","Mobile Iron"]}], expected: [{"jobId":1,"jobTitle":"Software Engg","project":[{"technology":["Kotlin","SQL Lite","Gradle"],"projectName":"Movie App"}],"jobDescription":"To develop andriod application","experience":["Google","Apple","Mobile Iron"]}], reason: actual and expected arrays are not the same size - 33:1
	at ✽.And match response == (validateJsonResponse.feature:13)

Given url 'http://localhost:9191/' ........................................ passed
And print '====== base url ======' ........................................ passed
Given path "normal/webapi/all" ............................................ passed
And header Accept = "application/json" .................................... passed
When method get ........................................................... passed
Then status 200 ........................................................... passed
And print response ........................................................ passed
And match response.[0].jobId  == 1 ........................................ passed
And match response.[0].project[0].projectName == 'Movie App' .............. passed
And match response.[0].project[0].technology[1] == 'SQL Lite' ............. passed
And match response.[0].experience[0] == 'Google' .......................... passed
Given url 'http://localhost:9191/' ........................................ passed
And print '====== base url ======' ........................................ passed
Given path "normal/webapi/all" ............................................ passed
And header Accept = "application/json" .................................... passed
When method get ........................................................... passed
Then status 200 ........................................................... passed
And print response ........................................................ passed
And match response.[0].jobId  == 1 ........................................ passed
And match response.[0].project[0].projectName == 'Movie App' .............. passed
And match response contains deep {"jobDescription": "To develop andriod application"} . passed
Given url 'http://localhost:9191/' ........................................ passed
And print '====== base url ======' ........................................ passed
Given path "normal/webapi/all" ............................................ passed
And header Accept = "application/json" .................................... passed
When method get ........................................................... passed
Then status 200 ........................................................... passed
And print response ........................................................ passed
And match response.[0].jobId  == 1 ........................................ passed
And match response.[0].project[0].projectName == 'Movie App' .............. passed
And match response.[0].project[0].technology[*] contains 'SQL Lite' ....... passed
And match response contains deep {"jobDescription": "To develop andriod application"} . passed
And match response contains deep { "jobTitle": "Software Engg"} ........... passed
Given url 'http://localhost:9191/' ........................................ passed
And print '====== base url ======' ........................................ passed
Given path "normal/webapi/all" ............................................ passed
And header Accept = "application/json" .................................... passed
When method get ........................................................... passed
Then status 200 ........................................................... passed
And print response ........................................................ passed
And match response.[0].jobId  == '#present' ............................... passed
And match response.[0].project[0].projectName == '#notnull' ............... passed
And match response.[0].project[0].technology[*] contains 'SQL Lite' ....... passed
And match response contains deep {"jobDescription": "To develop andriod application"} . passed
And match response contains deep { "jobTitle": "Software Engg"} ........... passed</system-out>
  </testcase>
</testsuite>
