<testsuite failures="0" name="com/api/automation/putRequest.feature" skipped="0" tests="1" time="0.398608">
  <testcase classname="com.api.automation.putRequest" name="To validate the full response body using Http getAll Endpoint in Json Format" time="0.398608">
    <system-out>Given url 'http://localhost:9191' ......................................... passed
And print '====== base url ======' ........................................ passed
Given path "/normal/webapi/add" ........................................... passed
And headers {Accept : "application/json" , Content-Type : "application/json"} . passed
* def getRandomValue = function(){ return Math.floor((Math.random() * 10) + 1)} . passed
* def jobId = getRandomValue() ............................................ passed
And print jobId ........................................................... passed
* def requestBody = read('../resources/jsonRequestBody.json') ............. passed
And request requestBody ................................................... passed
When method post .......................................................... passed
Then status 201 ........................................................... passed
And print response ........................................................ passed
Given path "/normal/webapi/update" ........................................ passed
And headers {Accept : "application/json" , Content-Type : "application/json"} . passed
And request ............................................................... passed
When method put ........................................................... passed
Then status 200 ........................................................... passed
And print response ........................................................ passed
* def actualResponse = karate.jsonPath(response,"$[?(@.jobId == "+ jobId+")]") . passed
And print actualResponse .................................................. passed</system-out>
  </testcase>
</testsuite>
